C:\ProgramData\Anaconda3\envs\torch_env\python.exe "E:/Documents/PROJECTS/Courses/Northwestern/2022 Winter/Data_Privacy_Project/simple-blackbox-attack/run_simba_cifar.py" --data_root "E:\Documents\PROJECTS\Courses\Northwestern\2022 Winter\Data_Privacy_Project\simple-blackbox-attack\pytorch-cifar\data\cifar-10-batches-py" --model_ckpt "E:\Documents\PROJECTS\Courses\Northwestern\2022 Winter\Data_Privacy_Project\simple-blackbox-attack\pytorch-cifar\checkpoint\cifar10-resnet50.pth" --model ResNet50 --targeted
Files already downloaded and verified
E:\Documents\PROJECTS\Courses\Northwestern\2022 Winter\Data_Privacy_Project\simple-blackbox-attack\utils.py:92: UserWarning: volatile was removed and now has no effect. Use `with torch.no_grad():` instead.
  input_var = torch.autograd.Variable(input.cuda(), volatile=True)
E:/Documents/PROJECTS/Courses/Northwestern/2022 Winter/Data_Privacy_Project/simple-blackbox-attack/run_simba_cifar.py:64: UserWarning: Implicit dimension choice for softmax has been deprecated. Change the call to include dim=X as an argument.
  preds[idx], _ = utils.get_preds(model, images[idx], 'cifar', batch_size=args.batch_size)
Iteration 10: queries = 15.5000, prob = 0.0116, remaining = 0.9800
Iteration 20: queries = 30.4800, prob = 0.0119, remaining = 0.9800
Iteration 30: queries = 45.5400, prob = 0.0198, remaining = 0.9800
Iteration 40: queries = 60.8800, prob = 0.0309, remaining = 0.9600
Iteration 50: queries = 76.2800, prob = 0.0452, remaining = 0.9400
Iteration 60: queries = 91.2600, prob = 0.0796, remaining = 0.8800
Iteration 70: queries = 105.7600, prob = 0.0926, remaining = 0.8800
Iteration 80: queries = 120.0800, prob = 0.1201, remaining = 0.8400
Iteration 90: queries = 133.6800, prob = 0.1581, remaining = 0.7600
Iteration 100: queries = 145.0800, prob = 0.1734, remaining = 0.6600
Iteration 110: queries = 155.7400, prob = 0.1913, remaining = 0.6200
Iteration 120: queries = 166.0400, prob = 0.1978, remaining = 0.6000
Iteration 130: queries = 175.9800, prob = 0.2084, remaining = 0.6000
Iteration 140: queries = 185.7600, prob = 0.2217, remaining = 0.5600
Iteration 150: queries = 194.9800, prob = 0.2352, remaining = 0.5200
Iteration 160: queries = 203.6400, prob = 0.2439, remaining = 0.5200
Iteration 170: queries = 212.1600, prob = 0.2599, remaining = 0.5000
Iteration 180: queries = 219.8800, prob = 0.2837, remaining = 0.4200
Iteration 190: queries = 227.2200, prob = 0.2959, remaining = 0.4000
Iteration 200: queries = 234.0000, prob = 0.3047, remaining = 0.3800
Iteration 210: queries = 239.9800, prob = 0.3128, remaining = 0.3600
Iteration 220: queries = 245.8200, prob = 0.3214, remaining = 0.3400
Iteration 230: queries = 251.5000, prob = 0.3310, remaining = 0.3000
Iteration 240: queries = 256.3200, prob = 0.3390, remaining = 0.2600
Iteration 250: queries = 260.6800, prob = 0.3465, remaining = 0.2400
Iteration 260: queries = 264.7200, prob = 0.3496, remaining = 0.2400
Iteration 270: queries = 268.9000, prob = 0.3550, remaining = 0.2400
Iteration 280: queries = 272.2000, prob = 0.3568, remaining = 0.2000
Iteration 290: queries = 275.6400, prob = 0.3595, remaining = 0.2000
Iteration 300: queries = 278.8200, prob = 0.3611, remaining = 0.1800
Iteration 310: queries = 281.8600, prob = 0.3623, remaining = 0.1800
Iteration 320: queries = 284.9200, prob = 0.3644, remaining = 0.1800
Iteration 330: queries = 287.9200, prob = 0.3675, remaining = 0.1800
Iteration 340: queries = 290.8400, prob = 0.3738, remaining = 0.1800
Iteration 350: queries = 293.7000, prob = 0.3823, remaining = 0.1600
Iteration 360: queries = 296.2400, prob = 0.3881, remaining = 0.1400
Iteration 370: queries = 298.5000, prob = 0.3967, remaining = 0.1400
Iteration 380: queries = 300.2800, prob = 0.4021, remaining = 0.1000
Iteration 390: queries = 301.7200, prob = 0.4044, remaining = 0.0800
Iteration 400: queries = 303.0600, prob = 0.4066, remaining = 0.0800
Iteration 410: queries = 304.4000, prob = 0.4091, remaining = 0.0600
Iteration 420: queries = 305.4200, prob = 0.4099, remaining = 0.0600
Iteration 430: queries = 306.4000, prob = 0.4111, remaining = 0.0600
Iteration 440: queries = 307.4200, prob = 0.4127, remaining = 0.0600
Iteration 450: queries = 308.3800, prob = 0.4134, remaining = 0.0600
Iteration 460: queries = 309.1400, prob = 0.4142, remaining = 0.0400
Iteration 470: queries = 309.9000, prob = 0.4144, remaining = 0.0400
Iteration 480: queries = 310.5600, prob = 0.4144, remaining = 0.0400
Iteration 490: queries = 311.2600, prob = 0.4145, remaining = 0.0400
Iteration 500: queries = 311.9400, prob = 0.4149, remaining = 0.0400
Iteration 510: queries = 312.6000, prob = 0.4153, remaining = 0.0400
Iteration 520: queries = 313.2800, prob = 0.4155, remaining = 0.0400
Iteration 530: queries = 314.0200, prob = 0.4158, remaining = 0.0400
Iteration 540: queries = 314.7600, prob = 0.4161, remaining = 0.0400
Iteration 550: queries = 315.5000, prob = 0.4170, remaining = 0.0400
Iteration 560: queries = 316.2200, prob = 0.4181, remaining = 0.0400
Iteration 570: queries = 316.9200, prob = 0.4189, remaining = 0.0400
Iteration 580: queries = 317.6200, prob = 0.4194, remaining = 0.0400
Iteration 590: queries = 318.3400, prob = 0.4196, remaining = 0.0400
Iteration 600: queries = 318.8600, prob = 0.4201, remaining = 0.0200
Iteration 610: queries = 319.2200, prob = 0.4202, remaining = 0.0200
Iteration 620: queries = 319.5600, prob = 0.4202, remaining = 0.0200
Iteration 630: queries = 319.9400, prob = 0.4202, remaining = 0.0200
Iteration 640: queries = 320.2600, prob = 0.4202, remaining = 0.0200
Iteration 650: queries = 320.6200, prob = 0.4203, remaining = 0.0200
Iteration 660: queries = 320.9800, prob = 0.4203, remaining = 0.0200
Iteration 670: queries = 321.3400, prob = 0.4204, remaining = 0.0200
Iteration 680: queries = 321.6800, prob = 0.4205, remaining = 0.0200
Iteration 690: queries = 322.0600, prob = 0.4205, remaining = 0.0200
Iteration 700: queries = 322.4000, prob = 0.4209, remaining = 0.0200
Iteration 710: queries = 322.7200, prob = 0.4211, remaining = 0.0200
Iteration 720: queries = 323.0200, prob = 0.4214, remaining = 0.0200
Iteration 730: queries = 323.3800, prob = 0.4216, remaining = 0.0200
Iteration 740: queries = 323.7200, prob = 0.4223, remaining = 0.0200
Iteration 750: queries = 324.0600, prob = 0.4230, remaining = 0.0200
Iteration 10: queries = 14.9600, prob = 0.0217, remaining = 0.9600
Iteration 20: queries = 30.0000, prob = 0.0257, remaining = 0.9600
Iteration 30: queries = 45.6800, prob = 0.0442, remaining = 0.9600
Iteration 40: queries = 60.8400, prob = 0.0519, remaining = 0.9000
Iteration 50: queries = 75.7400, prob = 0.0553, remaining = 0.9000
Iteration 60: queries = 90.3800, prob = 0.0694, remaining = 0.9000
Iteration 70: queries = 104.7800, prob = 0.0958, remaining = 0.8600
Iteration 80: queries = 118.7600, prob = 0.1321, remaining = 0.8400
Iteration 90: queries = 132.0800, prob = 0.1569, remaining = 0.7200
Iteration 100: queries = 144.3200, prob = 0.1698, remaining = 0.7200
Iteration 110: queries = 156.5000, prob = 0.1910, remaining = 0.6800
Iteration 120: queries = 167.3400, prob = 0.2122, remaining = 0.6200
Iteration 130: queries = 177.3400, prob = 0.2338, remaining = 0.5600
Iteration 140: queries = 186.0000, prob = 0.2468, remaining = 0.4800
Iteration 150: queries = 194.3400, prob = 0.2592, remaining = 0.4800
Iteration 160: queries = 201.7000, prob = 0.2708, remaining = 0.4200
Iteration 170: queries = 208.5800, prob = 0.2793, remaining = 0.3800
Iteration 180: queries = 214.7400, prob = 0.2852, remaining = 0.3600
Iteration 190: queries = 220.8200, prob = 0.2925, remaining = 0.3600
Iteration 200: queries = 226.6000, prob = 0.3005, remaining = 0.3200
Iteration 210: queries = 232.0000, prob = 0.3056, remaining = 0.3200
Iteration 220: queries = 237.2400, prob = 0.3110, remaining = 0.2800
Iteration 230: queries = 242.2200, prob = 0.3131, remaining = 0.2800
Iteration 240: queries = 247.0400, prob = 0.3203, remaining = 0.2800
Iteration 250: queries = 251.7000, prob = 0.3242, remaining = 0.2600
Iteration 260: queries = 256.3200, prob = 0.3289, remaining = 0.2600
Iteration 270: queries = 260.6800, prob = 0.3350, remaining = 0.2600
Iteration 280: queries = 265.2200, prob = 0.3419, remaining = 0.2600
Iteration 290: queries = 269.4800, prob = 0.3498, remaining = 0.2200
Iteration 300: queries = 273.2200, prob = 0.3549, remaining = 0.2000
Iteration 310: queries = 276.5800, prob = 0.3616, remaining = 0.1800
Iteration 320: queries = 279.4400, prob = 0.3660, remaining = 0.1600
Iteration 330: queries = 282.0000, prob = 0.3699, remaining = 0.1400
Iteration 340: queries = 284.3000, prob = 0.3747, remaining = 0.1200
Iteration 350: queries = 286.4000, prob = 0.3769, remaining = 0.1200
Iteration 360: queries = 288.4000, prob = 0.3803, remaining = 0.1000
Iteration 370: queries = 290.1800, prob = 0.3816, remaining = 0.1000
Iteration 380: queries = 291.6000, prob = 0.3833, remaining = 0.0800
Iteration 390: queries = 292.9000, prob = 0.3844, remaining = 0.0800
Iteration 400: queries = 294.2800, prob = 0.3855, remaining = 0.0800
Iteration 410: queries = 295.7200, prob = 0.3865, remaining = 0.0800
Iteration 420: queries = 297.1800, prob = 0.3876, remaining = 0.0800
Iteration 430: queries = 298.5200, prob = 0.3891, remaining = 0.0800
Iteration 440: queries = 300.0200, prob = 0.3899, remaining = 0.0800
Iteration 450: queries = 301.2800, prob = 0.3910, remaining = 0.0600
Iteration 460: queries = 302.3800, prob = 0.3917, remaining = 0.0600
Iteration 470: queries = 303.4400, prob = 0.3924, remaining = 0.0600
Iteration 480: queries = 304.5200, prob = 0.3937, remaining = 0.0600
Iteration 490: queries = 305.2200, prob = 0.3948, remaining = 0.0400
Iteration 500: queries = 305.9000, prob = 0.3953, remaining = 0.0400
Iteration 510: queries = 306.6200, prob = 0.3957, remaining = 0.0400
Iteration 520: queries = 307.3000, prob = 0.3966, remaining = 0.0400
Iteration 530: queries = 308.0000, prob = 0.3972, remaining = 0.0400
Iteration 540: queries = 308.7000, prob = 0.3987, remaining = 0.0400
Iteration 550: queries = 309.3800, prob = 0.3996, remaining = 0.0400
Iteration 560: queries = 310.0600, prob = 0.4003, remaining = 0.0400
Iteration 570: queries = 310.7400, prob = 0.4015, remaining = 0.0400
Iteration 580: queries = 311.2800, prob = 0.4026, remaining = 0.0200
Iteration 10: queries = 14.9400, prob = 0.0059, remaining = 1.0000
Iteration 20: queries = 30.1800, prob = 0.0237, remaining = 0.9600
Iteration 30: queries = 45.2800, prob = 0.0432, remaining = 0.9400
Iteration 40: queries = 60.0800, prob = 0.0603, remaining = 0.9000
Iteration 50: queries = 74.3200, prob = 0.0776, remaining = 0.8600
Iteration 60: queries = 88.1200, prob = 0.1035, remaining = 0.8400
Iteration 70: queries = 101.7800, prob = 0.1327, remaining = 0.8000
Iteration 80: queries = 114.8800, prob = 0.1554, remaining = 0.7400
Iteration 90: queries = 126.7400, prob = 0.1718, remaining = 0.7000
Iteration 100: queries = 138.4200, prob = 0.1859, remaining = 0.6600
Iteration 110: queries = 149.0600, prob = 0.2035, remaining = 0.6400
Iteration 120: queries = 159.9000, prob = 0.2223, remaining = 0.5800
Iteration 130: queries = 169.6800, prob = 0.2301, remaining = 0.5600
Iteration 140: queries = 179.0800, prob = 0.2394, remaining = 0.5400
Iteration 150: queries = 188.3000, prob = 0.2531, remaining = 0.5200
Iteration 160: queries = 196.5800, prob = 0.2789, remaining = 0.4400
Iteration 170: queries = 203.9200, prob = 0.2885, remaining = 0.4200
Iteration 180: queries = 211.0400, prob = 0.2995, remaining = 0.3800
Iteration 190: queries = 217.4200, prob = 0.3056, remaining = 0.3600
Iteration 200: queries = 223.7400, prob = 0.3106, remaining = 0.3600
Iteration 210: queries = 229.8200, prob = 0.3152, remaining = 0.3600
Iteration 220: queries = 235.5600, prob = 0.3209, remaining = 0.3200
Iteration 230: queries = 241.2000, prob = 0.3244, remaining = 0.3200
Iteration 240: queries = 246.5600, prob = 0.3287, remaining = 0.3200
Iteration 250: queries = 251.9400, prob = 0.3390, remaining = 0.3200
Iteration 260: queries = 257.1000, prob = 0.3472, remaining = 0.2600
Iteration 270: queries = 261.3400, prob = 0.3540, remaining = 0.2400
Iteration 280: queries = 265.4800, prob = 0.3599, remaining = 0.2400
Iteration 290: queries = 269.4800, prob = 0.3697, remaining = 0.2200
Iteration 300: queries = 273.4200, prob = 0.3729, remaining = 0.2200
Iteration 310: queries = 277.1000, prob = 0.3819, remaining = 0.2000
Iteration 320: queries = 280.0800, prob = 0.3861, remaining = 0.1600
Iteration 330: queries = 282.8200, prob = 0.3920, remaining = 0.1400
Iteration 340: queries = 284.7600, prob = 0.3947, remaining = 0.1000
Iteration 350: queries = 286.5400, prob = 0.3956, remaining = 0.1000
Iteration 360: queries = 288.2600, prob = 0.3968, remaining = 0.1000
Iteration 370: queries = 290.0200, prob = 0.4008, remaining = 0.1000
Iteration 380: queries = 291.8000, prob = 0.4060, remaining = 0.1000
Iteration 390: queries = 293.3000, prob = 0.4093, remaining = 0.0800
Iteration 400: queries = 294.7400, prob = 0.4099, remaining = 0.0600
Iteration 410: queries = 295.8200, prob = 0.4113, remaining = 0.0600
Iteration 420: queries = 296.7800, prob = 0.4120, remaining = 0.0600
Iteration 430: queries = 297.8000, prob = 0.4133, remaining = 0.0600
Iteration 440: queries = 298.8000, prob = 0.4143, remaining = 0.0400
Iteration 450: queries = 299.4400, prob = 0.4149, remaining = 0.0400
Iteration 460: queries = 300.1600, prob = 0.4163, remaining = 0.0400
Iteration 470: queries = 300.8600, prob = 0.4195, remaining = 0.0400
Iteration 480: queries = 301.5600, prob = 0.4226, remaining = 0.0400
Iteration 490: queries = 302.0400, prob = 0.4240, remaining = 0.0200
Iteration 500: queries = 302.3800, prob = 0.4254, remaining = 0.0200
Iteration 10: queries = 14.5000, prob = 0.0075, remaining = 0.9800
Iteration 20: queries = 30.0000, prob = 0.0288, remaining = 0.9600
Iteration 30: queries = 45.2800, prob = 0.0590, remaining = 0.9200
Iteration 40: queries = 59.5000, prob = 0.0857, remaining = 0.8600
Iteration 50: queries = 73.1400, prob = 0.1168, remaining = 0.8200
Iteration 60: queries = 85.8000, prob = 0.1367, remaining = 0.7600
Iteration 70: queries = 98.3200, prob = 0.1619, remaining = 0.7000
Iteration 80: queries = 109.7400, prob = 0.1770, remaining = 0.6600
Iteration 90: queries = 120.8800, prob = 0.1868, remaining = 0.6400
Iteration 100: queries = 131.0200, prob = 0.2006, remaining = 0.6000
Iteration 110: queries = 141.0600, prob = 0.2194, remaining = 0.5800
Iteration 120: queries = 151.1200, prob = 0.2387, remaining = 0.5200
Iteration 130: queries = 159.1000, prob = 0.2475, remaining = 0.4600
Iteration 140: queries = 167.0600, prob = 0.2539, remaining = 0.4600
Iteration 150: queries = 174.9400, prob = 0.2681, remaining = 0.4600
Iteration 160: queries = 182.4600, prob = 0.2805, remaining = 0.4200
Iteration 170: queries = 189.4800, prob = 0.2914, remaining = 0.3600
Iteration 180: queries = 195.5200, prob = 0.2970, remaining = 0.3600
Iteration 190: queries = 201.4200, prob = 0.3081, remaining = 0.3600
Iteration 200: queries = 207.2800, prob = 0.3225, remaining = 0.3600
Iteration 210: queries = 212.7200, prob = 0.3504, remaining = 0.2600
Iteration 220: queries = 216.0800, prob = 0.3571, remaining = 0.2000
Iteration 230: queries = 219.6000, prob = 0.3725, remaining = 0.2000
Iteration 240: queries = 222.4600, prob = 0.3829, remaining = 0.1600
Iteration 250: queries = 225.0600, prob = 0.3884, remaining = 0.1200
Iteration 260: queries = 226.8400, prob = 0.3930, remaining = 0.0800
Iteration 270: queries = 228.1400, prob = 0.3955, remaining = 0.0600
Iteration 280: queries = 229.2400, prob = 0.3955, remaining = 0.0600
Iteration 290: queries = 230.2000, prob = 0.3956, remaining = 0.0600
Iteration 300: queries = 231.2600, prob = 0.3959, remaining = 0.0600
Iteration 310: queries = 232.2400, prob = 0.3961, remaining = 0.0600
Iteration 320: queries = 233.2000, prob = 0.3964, remaining = 0.0600
Iteration 330: queries = 234.2400, prob = 0.3968, remaining = 0.0600
Iteration 340: queries = 235.2400, prob = 0.3979, remaining = 0.0600
Iteration 350: queries = 236.3600, prob = 0.3988, remaining = 0.0600
Iteration 360: queries = 237.4800, prob = 0.4021, remaining = 0.0600
Iteration 370: queries = 238.2600, prob = 0.4026, remaining = 0.0400
Iteration 380: queries = 239.0400, prob = 0.4026, remaining = 0.0400
Iteration 390: queries = 239.7400, prob = 0.4028, remaining = 0.0400
Iteration 400: queries = 240.4400, prob = 0.4028, remaining = 0.0400
Iteration 410: queries = 241.2000, prob = 0.4029, remaining = 0.0400
Iteration 420: queries = 241.9400, prob = 0.4029, remaining = 0.0400
Iteration 430: queries = 242.7000, prob = 0.4029, remaining = 0.0400
Iteration 440: queries = 243.4200, prob = 0.4029, remaining = 0.0400
Iteration 450: queries = 244.1600, prob = 0.4031, remaining = 0.0400
Iteration 460: queries = 244.9400, prob = 0.4032, remaining = 0.0400
Iteration 470: queries = 245.6000, prob = 0.4035, remaining = 0.0400
Iteration 480: queries = 246.3600, prob = 0.4035, remaining = 0.0400
Iteration 490: queries = 247.0400, prob = 0.4037, remaining = 0.0400
Iteration 500: queries = 247.6800, prob = 0.4038, remaining = 0.0400
Iteration 510: queries = 248.4200, prob = 0.4039, remaining = 0.0400
Iteration 520: queries = 249.1600, prob = 0.4039, remaining = 0.0400
Iteration 530: queries = 249.8600, prob = 0.4043, remaining = 0.0400
Iteration 540: queries = 250.6400, prob = 0.4043, remaining = 0.0400
Iteration 550: queries = 251.3400, prob = 0.4052, remaining = 0.0400
Iteration 560: queries = 252.0800, prob = 0.4054, remaining = 0.0400
Iteration 570: queries = 252.7800, prob = 0.4055, remaining = 0.0400
Iteration 580: queries = 253.5200, prob = 0.4057, remaining = 0.0400
Iteration 590: queries = 254.2600, prob = 0.4065, remaining = 0.0400
Iteration 600: queries = 255.0000, prob = 0.4070, remaining = 0.0400
Iteration 610: queries = 255.7400, prob = 0.4073, remaining = 0.0400
Iteration 620: queries = 256.4200, prob = 0.4083, remaining = 0.0400
Iteration 630: queries = 257.1200, prob = 0.4084, remaining = 0.0400
Iteration 640: queries = 257.7800, prob = 0.4097, remaining = 0.0400
Iteration 650: queries = 258.5400, prob = 0.4101, remaining = 0.0400
Iteration 660: queries = 259.2400, prob = 0.4114, remaining = 0.0400
Iteration 670: queries = 259.9400, prob = 0.4123, remaining = 0.0400
Iteration 680: queries = 260.4600, prob = 0.4130, remaining = 0.0200
Iteration 690: queries = 260.8200, prob = 0.4131, remaining = 0.0200
Iteration 700: queries = 261.1800, prob = 0.4134, remaining = 0.0200
Iteration 710: queries = 261.5400, prob = 0.4138, remaining = 0.0200
Iteration 720: queries = 261.9400, prob = 0.4141, remaining = 0.0200
Iteration 730: queries = 262.3000, prob = 0.4145, remaining = 0.0200
Iteration 740: queries = 262.6600, prob = 0.4159, remaining = 0.0200
Iteration 750: queries = 263.0200, prob = 0.4171, remaining = 0.0200
Iteration 10: queries = 15.2800, prob = 0.0146, remaining = 0.9800
Iteration 20: queries = 31.0800, prob = 0.0366, remaining = 0.9600
Iteration 30: queries = 45.9200, prob = 0.0576, remaining = 0.9000
Iteration 40: queries = 60.2000, prob = 0.0632, remaining = 0.8800
Iteration 50: queries = 74.2800, prob = 0.0652, remaining = 0.8800
Iteration 60: queries = 89.0200, prob = 0.0681, remaining = 0.8800
Iteration 70: queries = 103.1800, prob = 0.0741, remaining = 0.8800
Iteration 80: queries = 117.4800, prob = 0.0862, remaining = 0.8800
Iteration 90: queries = 131.9000, prob = 0.1043, remaining = 0.8400
Iteration 100: queries = 145.2600, prob = 0.1244, remaining = 0.7800
Iteration 110: queries = 158.0200, prob = 0.1433, remaining = 0.7800
Iteration 120: queries = 170.1200, prob = 0.1753, remaining = 0.7200
Iteration 130: queries = 181.7400, prob = 0.2067, remaining = 0.6200
Iteration 140: queries = 192.2000, prob = 0.2258, remaining = 0.5800
Iteration 150: queries = 201.2600, prob = 0.2418, remaining = 0.5200
Iteration 160: queries = 209.7400, prob = 0.2548, remaining = 0.4800
Iteration 170: queries = 217.1200, prob = 0.2617, remaining = 0.4400
Iteration 180: queries = 224.7200, prob = 0.2701, remaining = 0.4400
Iteration 190: queries = 231.6600, prob = 0.2778, remaining = 0.4000
Iteration 200: queries = 238.2600, prob = 0.2842, remaining = 0.4000
Iteration 210: queries = 244.6400, prob = 0.2920, remaining = 0.3800
Iteration 220: queries = 251.3200, prob = 0.3007, remaining = 0.3800
Iteration 230: queries = 257.5800, prob = 0.3081, remaining = 0.3200
Iteration 240: queries = 263.1800, prob = 0.3151, remaining = 0.3200
Iteration 250: queries = 268.6400, prob = 0.3282, remaining = 0.3000
Iteration 260: queries = 273.4200, prob = 0.3408, remaining = 0.2400
Iteration 270: queries = 277.0600, prob = 0.3473, remaining = 0.2000
Iteration 280: queries = 280.4800, prob = 0.3516, remaining = 0.2000
Iteration 290: queries = 284.0000, prob = 0.3560, remaining = 0.1800
Iteration 300: queries = 286.9400, prob = 0.3606, remaining = 0.1600
Iteration 310: queries = 289.9200, prob = 0.3610, remaining = 0.1600
Iteration 320: queries = 292.7600, prob = 0.3617, remaining = 0.1600
Iteration 330: queries = 295.8000, prob = 0.3627, remaining = 0.1600
Iteration 340: queries = 298.7000, prob = 0.3640, remaining = 0.1600
Iteration 350: queries = 301.3600, prob = 0.3653, remaining = 0.1600
Iteration 360: queries = 303.9400, prob = 0.3683, remaining = 0.1600
Iteration 370: queries = 306.8200, prob = 0.3709, remaining = 0.1600
Iteration 380: queries = 309.6600, prob = 0.3718, remaining = 0.1600
Iteration 390: queries = 312.4400, prob = 0.3750, remaining = 0.1600
Iteration 400: queries = 315.3600, prob = 0.3770, remaining = 0.1600
Iteration 410: queries = 318.1200, prob = 0.3797, remaining = 0.1600
Iteration 420: queries = 320.5800, prob = 0.3826, remaining = 0.1400
Iteration 430: queries = 323.0600, prob = 0.3863, remaining = 0.1400
Iteration 440: queries = 325.1600, prob = 0.3880, remaining = 0.1200
Iteration 450: queries = 327.3000, prob = 0.3905, remaining = 0.1200
Iteration 460: queries = 329.3600, prob = 0.3929, remaining = 0.1200
Iteration 470: queries = 331.4000, prob = 0.3961, remaining = 0.1200
Iteration 480: queries = 333.0000, prob = 0.3976, remaining = 0.0800
Iteration 490: queries = 334.3600, prob = 0.3985, remaining = 0.0800
Iteration 500: queries = 335.7400, prob = 0.3995, remaining = 0.0800
Iteration 510: queries = 337.1400, prob = 0.4021, remaining = 0.0800
Iteration 520: queries = 338.4200, prob = 0.4047, remaining = 0.0600
Iteration 530: queries = 339.3600, prob = 0.4083, remaining = 0.0600
Iteration 540: queries = 340.3200, prob = 0.4104, remaining = 0.0400
Iteration 550: queries = 341.0600, prob = 0.4106, remaining = 0.0400
Iteration 560: queries = 341.7600, prob = 0.4109, remaining = 0.0400
Iteration 570: queries = 342.4400, prob = 0.4112, remaining = 0.0400
Iteration 580: queries = 343.1200, prob = 0.4116, remaining = 0.0400
Iteration 590: queries = 343.8000, prob = 0.4123, remaining = 0.0400
Iteration 600: queries = 344.4600, prob = 0.4131, remaining = 0.0400
Iteration 610: queries = 345.2200, prob = 0.4134, remaining = 0.0400
Iteration 620: queries = 345.9400, prob = 0.4138, remaining = 0.0400
Iteration 630: queries = 346.6000, prob = 0.4147, remaining = 0.0400
Iteration 640: queries = 347.3600, prob = 0.4150, remaining = 0.0400
Iteration 650: queries = 348.1400, prob = 0.4160, remaining = 0.0400
Iteration 660: queries = 348.8400, prob = 0.4164, remaining = 0.0400
Iteration 670: queries = 349.5000, prob = 0.4174, remaining = 0.0200
Iteration 680: queries = 349.9000, prob = 0.4174, remaining = 0.0200
Iteration 690: queries = 350.2600, prob = 0.4174, remaining = 0.0200
Iteration 700: queries = 350.6400, prob = 0.4174, remaining = 0.0200
Iteration 710: queries = 351.0200, prob = 0.4174, remaining = 0.0200
Iteration 720: queries = 351.4000, prob = 0.4175, remaining = 0.0200
Iteration 730: queries = 351.8000, prob = 0.4175, remaining = 0.0200
Iteration 740: queries = 352.1400, prob = 0.4176, remaining = 0.0200
Iteration 750: queries = 352.5200, prob = 0.4176, remaining = 0.0200
Iteration 760: queries = 352.9000, prob = 0.4177, remaining = 0.0200
Iteration 770: queries = 353.2400, prob = 0.4177, remaining = 0.0200
Iteration 780: queries = 353.6200, prob = 0.4178, remaining = 0.0200
Iteration 790: queries = 354.0200, prob = 0.4179, remaining = 0.0200
Iteration 800: queries = 354.3600, prob = 0.4179, remaining = 0.0200
Iteration 810: queries = 354.7000, prob = 0.4183, remaining = 0.0200
Iteration 820: queries = 355.0800, prob = 0.4185, remaining = 0.0200
Iteration 830: queries = 355.4400, prob = 0.4188, remaining = 0.0200
Iteration 840: queries = 355.8400, prob = 0.4192, remaining = 0.0200
Iteration 850: queries = 356.2000, prob = 0.4195, remaining = 0.0200
Iteration 860: queries = 356.5400, prob = 0.4202, remaining = 0.0200
Iteration 870: queries = 356.9000, prob = 0.4206, remaining = 0.0200
Iteration 880: queries = 357.2400, prob = 0.4217, remaining = 0.0200
Iteration 890: queries = 357.6000, prob = 0.4222, remaining = 0.0200
Iteration 900: queries = 357.9600, prob = 0.4225, remaining = 0.0200
Iteration 910: queries = 358.3400, prob = 0.4230, remaining = 0.0200
Iteration 10: queries = 15.1000, prob = 0.0058, remaining = 1.0000
Iteration 20: queries = 31.1400, prob = 0.0170, remaining = 1.0000
Iteration 30: queries = 46.6800, prob = 0.0440, remaining = 0.9600
Iteration 40: queries = 61.5800, prob = 0.0628, remaining = 0.9200
Iteration 50: queries = 76.4200, prob = 0.0943, remaining = 0.8600
Iteration 60: queries = 89.9800, prob = 0.1111, remaining = 0.8200
Iteration 70: queries = 103.0600, prob = 0.1247, remaining = 0.7800
Iteration 80: queries = 115.2000, prob = 0.1440, remaining = 0.7400
Iteration 90: queries = 127.3200, prob = 0.1641, remaining = 0.7200
Iteration 100: queries = 139.1200, prob = 0.1907, remaining = 0.6600
Iteration 110: queries = 149.6000, prob = 0.2112, remaining = 0.6000
Iteration 120: queries = 158.9000, prob = 0.2234, remaining = 0.5400
Iteration 130: queries = 168.2000, prob = 0.2290, remaining = 0.5400
Iteration 140: queries = 177.1000, prob = 0.2385, remaining = 0.5200
Iteration 150: queries = 185.9200, prob = 0.2504, remaining = 0.5000
Iteration 160: queries = 194.3600, prob = 0.2671, remaining = 0.5000
Iteration 170: queries = 202.3800, prob = 0.2882, remaining = 0.4600
Iteration 180: queries = 209.6000, prob = 0.2984, remaining = 0.4000
Iteration 190: queries = 215.5400, prob = 0.3098, remaining = 0.3600
Iteration 200: queries = 221.5200, prob = 0.3193, remaining = 0.3400
Iteration 210: queries = 227.3000, prob = 0.3300, remaining = 0.3400
Iteration 220: queries = 232.4600, prob = 0.3427, remaining = 0.3000
Iteration 230: queries = 237.2800, prob = 0.3518, remaining = 0.2800
Iteration 240: queries = 241.4400, prob = 0.3596, remaining = 0.2200
Iteration 250: queries = 245.1400, prob = 0.3647, remaining = 0.2000
Iteration 260: queries = 248.5800, prob = 0.3662, remaining = 0.2000
Iteration 270: queries = 252.0200, prob = 0.3681, remaining = 0.2000
Iteration 280: queries = 255.5400, prob = 0.3708, remaining = 0.2000
Iteration 290: queries = 258.8200, prob = 0.3730, remaining = 0.1800
Iteration 300: queries = 261.9600, prob = 0.3756, remaining = 0.1800
Iteration 310: queries = 265.2400, prob = 0.3787, remaining = 0.1800
Iteration 320: queries = 268.4600, prob = 0.3817, remaining = 0.1600
Iteration 330: queries = 271.2200, prob = 0.3846, remaining = 0.1600
Iteration 340: queries = 273.7400, prob = 0.3873, remaining = 0.1400
Iteration 350: queries = 276.1800, prob = 0.3919, remaining = 0.1400
Iteration 360: queries = 278.5200, prob = 0.3952, remaining = 0.1400
Iteration 370: queries = 280.8600, prob = 0.4005, remaining = 0.1200
Iteration 380: queries = 282.9000, prob = 0.4072, remaining = 0.1200
Iteration 390: queries = 284.5200, prob = 0.4099, remaining = 0.1000
Iteration 400: queries = 286.0800, prob = 0.4112, remaining = 0.0800
Iteration 410: queries = 287.5000, prob = 0.4122, remaining = 0.0800
Iteration 420: queries = 288.8200, prob = 0.4142, remaining = 0.0800
Iteration 430: queries = 289.8800, prob = 0.4160, remaining = 0.0600
Iteration 440: queries = 290.9600, prob = 0.4173, remaining = 0.0600
Iteration 450: queries = 291.9800, prob = 0.4177, remaining = 0.0600
Iteration 460: queries = 293.0800, prob = 0.4183, remaining = 0.0600
Iteration 470: queries = 294.0200, prob = 0.4192, remaining = 0.0400
Iteration 480: queries = 294.6600, prob = 0.4197, remaining = 0.0400
Iteration 490: queries = 295.3800, prob = 0.4202, remaining = 0.0400
Iteration 500: queries = 296.1000, prob = 0.4213, remaining = 0.0400
Iteration 510: queries = 296.8400, prob = 0.4220, remaining = 0.0400
Iteration 520: queries = 297.5600, prob = 0.4230, remaining = 0.0400
Iteration 530: queries = 298.2600, prob = 0.4241, remaining = 0.0400
Iteration 540: queries = 298.9400, prob = 0.4262, remaining = 0.0400
Iteration 550: queries = 299.6600, prob = 0.4265, remaining = 0.0400
Iteration 560: queries = 300.3400, prob = 0.4275, remaining = 0.0400
Iteration 570: queries = 301.0000, prob = 0.4299, remaining = 0.0200
Iteration 580: queries = 301.3600, prob = 0.4301, remaining = 0.0200
Iteration 590: queries = 301.7000, prob = 0.4304, remaining = 0.0200
Iteration 600: queries = 302.0800, prob = 0.4307, remaining = 0.0200
Iteration 610: queries = 302.3800, prob = 0.4316, remaining = 0.0200
Iteration 620: queries = 302.7200, prob = 0.4319, remaining = 0.0200
Iteration 630: queries = 303.1000, prob = 0.4320, remaining = 0.0200
Iteration 640: queries = 303.4600, prob = 0.4321, remaining = 0.0200
Iteration 650: queries = 303.8200, prob = 0.4326, remaining = 0.0200
Iteration 660: queries = 304.2000, prob = 0.4327, remaining = 0.0200
Iteration 670: queries = 304.5800, prob = 0.4337, remaining = 0.0200
Iteration 10: queries = 15.2800, prob = 0.0151, remaining = 0.9800
Iteration 20: queries = 30.5600, prob = 0.0489, remaining = 0.9400
Iteration 30: queries = 45.3800, prob = 0.0655, remaining = 0.9000
Iteration 40: queries = 59.8200, prob = 0.0672, remaining = 0.9000
Iteration 50: queries = 74.4600, prob = 0.0704, remaining = 0.9000
Iteration 60: queries = 89.2200, prob = 0.0817, remaining = 0.9000
Iteration 70: queries = 103.7400, prob = 0.1090, remaining = 0.8800
Iteration 80: queries = 117.3000, prob = 0.1368, remaining = 0.8000
Iteration 90: queries = 130.3600, prob = 0.1523, remaining = 0.7800
Iteration 100: queries = 142.6200, prob = 0.1693, remaining = 0.7200
Iteration 110: queries = 154.5600, prob = 0.1795, remaining = 0.7000
Iteration 120: queries = 165.9200, prob = 0.1971, remaining = 0.6400
Iteration 130: queries = 176.0800, prob = 0.2061, remaining = 0.6000
Iteration 140: queries = 186.4600, prob = 0.2168, remaining = 0.5800
Iteration 150: queries = 195.9600, prob = 0.2262, remaining = 0.5600
Iteration 160: queries = 205.0800, prob = 0.2345, remaining = 0.5400
Iteration 170: queries = 214.2000, prob = 0.2456, remaining = 0.5200
Iteration 180: queries = 222.8400, prob = 0.2588, remaining = 0.5000
Iteration 190: queries = 230.5600, prob = 0.2685, remaining = 0.4600
Iteration 200: queries = 238.3600, prob = 0.2782, remaining = 0.4600
Iteration 210: queries = 246.1000, prob = 0.2939, remaining = 0.4400
Iteration 220: queries = 252.6600, prob = 0.3040, remaining = 0.3800
Iteration 230: queries = 258.5600, prob = 0.3155, remaining = 0.3400
Iteration 240: queries = 263.5800, prob = 0.3220, remaining = 0.3000
Iteration 250: queries = 268.5600, prob = 0.3265, remaining = 0.2800
Iteration 260: queries = 273.3000, prob = 0.3338, remaining = 0.2800
Iteration 270: queries = 277.6200, prob = 0.3402, remaining = 0.2400
Iteration 280: queries = 281.9400, prob = 0.3468, remaining = 0.2400
Iteration 290: queries = 285.8200, prob = 0.3573, remaining = 0.2400
Iteration 300: queries = 289.8000, prob = 0.3648, remaining = 0.2200
Iteration 310: queries = 293.0000, prob = 0.3706, remaining = 0.1800
Iteration 320: queries = 296.2200, prob = 0.3786, remaining = 0.1800
Iteration 330: queries = 299.1000, prob = 0.3897, remaining = 0.1800
Iteration 340: queries = 301.4600, prob = 0.3949, remaining = 0.1200
Iteration 350: queries = 303.3400, prob = 0.3968, remaining = 0.1000
Iteration 360: queries = 305.1200, prob = 0.3988, remaining = 0.1000
Iteration 370: queries = 306.7800, prob = 0.4037, remaining = 0.0600
Iteration 380: queries = 307.8400, prob = 0.4046, remaining = 0.0600
Iteration 390: queries = 308.9000, prob = 0.4060, remaining = 0.0600
Iteration 400: queries = 309.9800, prob = 0.4068, remaining = 0.0600
Iteration 410: queries = 311.0400, prob = 0.4089, remaining = 0.0600
Iteration 420: queries = 312.0400, prob = 0.4102, remaining = 0.0400
Iteration 430: queries = 312.7600, prob = 0.4118, remaining = 0.0200
Iteration 440: queries = 313.0800, prob = 0.4119, remaining = 0.0200
Iteration 450: queries = 313.3800, prob = 0.4120, remaining = 0.0200
Iteration 460: queries = 313.7200, prob = 0.4121, remaining = 0.0200
Iteration 470: queries = 314.0800, prob = 0.4121, remaining = 0.0200
Iteration 480: queries = 314.4200, prob = 0.4125, remaining = 0.0200
Iteration 490: queries = 314.7600, prob = 0.4127, remaining = 0.0200
Iteration 500: queries = 315.1200, prob = 0.4128, remaining = 0.0200
Iteration 510: queries = 315.4600, prob = 0.4132, remaining = 0.0200
Iteration 520: queries = 315.8400, prob = 0.4132, remaining = 0.0200
Iteration 530: queries = 316.2000, prob = 0.4136, remaining = 0.0200
Iteration 540: queries = 316.5200, prob = 0.4141, remaining = 0.0200
Iteration 550: queries = 316.9000, prob = 0.4143, remaining = 0.0200
Iteration 560: queries = 317.2600, prob = 0.4150, remaining = 0.0200
Iteration 570: queries = 317.6000, prob = 0.4165, remaining = 0.0200
Iteration 10: queries = 15.0400, prob = 0.0118, remaining = 0.9800
Iteration 20: queries = 30.2600, prob = 0.0151, remaining = 0.9800
Iteration 30: queries = 45.5400, prob = 0.0279, remaining = 0.9800
Iteration 40: queries = 60.2400, prob = 0.0406, remaining = 0.9400
Iteration 50: queries = 75.1200, prob = 0.0587, remaining = 0.9000
Iteration 60: queries = 89.9200, prob = 0.0815, remaining = 0.8800
Iteration 70: queries = 103.8200, prob = 0.0947, remaining = 0.8400
Iteration 80: queries = 117.8400, prob = 0.1076, remaining = 0.8200
Iteration 90: queries = 130.9800, prob = 0.1469, remaining = 0.7800
Iteration 100: queries = 143.6600, prob = 0.1851, remaining = 0.7000
Iteration 110: queries = 154.5200, prob = 0.1961, remaining = 0.6200
Iteration 120: queries = 164.5000, prob = 0.1991, remaining = 0.5800
Iteration 130: queries = 174.1000, prob = 0.2069, remaining = 0.5800
Iteration 140: queries = 183.6800, prob = 0.2137, remaining = 0.5400
Iteration 150: queries = 192.5600, prob = 0.2213, remaining = 0.5200
Iteration 160: queries = 201.3400, prob = 0.2281, remaining = 0.5200
Iteration 170: queries = 210.0200, prob = 0.2351, remaining = 0.4800
Iteration 180: queries = 218.2000, prob = 0.2439, remaining = 0.4800
Iteration 190: queries = 226.3000, prob = 0.2517, remaining = 0.4600
Iteration 200: queries = 233.8800, prob = 0.2655, remaining = 0.4000
Iteration 210: queries = 240.5000, prob = 0.2697, remaining = 0.3800
Iteration 220: queries = 246.9800, prob = 0.2749, remaining = 0.3800
Iteration 230: queries = 253.5800, prob = 0.2791, remaining = 0.3800
Iteration 240: queries = 259.7600, prob = 0.2870, remaining = 0.3600
Iteration 250: queries = 265.8800, prob = 0.2944, remaining = 0.3600
Iteration 260: queries = 271.3600, prob = 0.3020, remaining = 0.3200
Iteration 270: queries = 276.6800, prob = 0.3115, remaining = 0.3000
Iteration 280: queries = 281.3800, prob = 0.3172, remaining = 0.2800
Iteration 290: queries = 285.8800, prob = 0.3233, remaining = 0.2600
Iteration 300: queries = 290.1200, prob = 0.3327, remaining = 0.2400
Iteration 310: queries = 294.3600, prob = 0.3373, remaining = 0.2200
Iteration 320: queries = 298.0600, prob = 0.3440, remaining = 0.2200
Iteration 330: queries = 301.6600, prob = 0.3521, remaining = 0.2000
Iteration 340: queries = 304.5800, prob = 0.3562, remaining = 0.1600
Iteration 350: queries = 307.2400, prob = 0.3599, remaining = 0.1400
Iteration 360: queries = 309.7600, prob = 0.3645, remaining = 0.1400
Iteration 370: queries = 312.0400, prob = 0.3697, remaining = 0.1200
Iteration 380: queries = 314.0600, prob = 0.3709, remaining = 0.1200
Iteration 390: queries = 315.9800, prob = 0.3734, remaining = 0.1000
Iteration 400: queries = 317.7400, prob = 0.3744, remaining = 0.1000
Iteration 410: queries = 319.4800, prob = 0.3756, remaining = 0.1000
Iteration 420: queries = 321.2000, prob = 0.3778, remaining = 0.1000
Iteration 430: queries = 322.9600, prob = 0.3795, remaining = 0.1000
Iteration 440: queries = 324.6000, prob = 0.3834, remaining = 0.1000
Iteration 450: queries = 326.3400, prob = 0.3864, remaining = 0.1000
Iteration 460: queries = 328.0400, prob = 0.3886, remaining = 0.1000
Iteration 470: queries = 329.6400, prob = 0.3916, remaining = 0.0800
Iteration 480: queries = 330.9000, prob = 0.3929, remaining = 0.0600
Iteration 490: queries = 331.9400, prob = 0.3941, remaining = 0.0600
Iteration 500: queries = 332.9800, prob = 0.3950, remaining = 0.0600
Iteration 510: queries = 333.8600, prob = 0.3959, remaining = 0.0400
Iteration 520: queries = 334.5600, prob = 0.3961, remaining = 0.0400
Iteration 530: queries = 335.2000, prob = 0.3965, remaining = 0.0400
Iteration 540: queries = 335.8800, prob = 0.3973, remaining = 0.0400
Iteration 550: queries = 336.6200, prob = 0.3978, remaining = 0.0400
Iteration 560: queries = 337.3200, prob = 0.3986, remaining = 0.0400
Iteration 570: queries = 338.0600, prob = 0.3991, remaining = 0.0400
Iteration 580: queries = 338.8000, prob = 0.4011, remaining = 0.0400
Iteration 590: queries = 339.4600, prob = 0.4030, remaining = 0.0200
Iteration 600: queries = 339.7800, prob = 0.4030, remaining = 0.0200
Iteration 610: queries = 340.1600, prob = 0.4030, remaining = 0.0200
Iteration 620: queries = 340.4800, prob = 0.4030, remaining = 0.0200
Iteration 630: queries = 340.8000, prob = 0.4030, remaining = 0.0200
Iteration 640: queries = 341.1400, prob = 0.4030, remaining = 0.0200
Iteration 650: queries = 341.4600, prob = 0.4030, remaining = 0.0200
Iteration 660: queries = 341.7400, prob = 0.4030, remaining = 0.0200
Iteration 670: queries = 342.0800, prob = 0.4030, remaining = 0.0200
Iteration 680: queries = 342.4800, prob = 0.4030, remaining = 0.0200
Iteration 690: queries = 342.7800, prob = 0.4031, remaining = 0.0200
Iteration 700: queries = 343.0800, prob = 0.4031, remaining = 0.0200
Iteration 710: queries = 343.4000, prob = 0.4031, remaining = 0.0200
Iteration 720: queries = 343.6600, prob = 0.4031, remaining = 0.0200
Iteration 730: queries = 343.9600, prob = 0.4032, remaining = 0.0200
Iteration 740: queries = 344.3200, prob = 0.4032, remaining = 0.0200
Iteration 750: queries = 344.6600, prob = 0.4032, remaining = 0.0200
Iteration 760: queries = 345.0000, prob = 0.4032, remaining = 0.0200
Iteration 770: queries = 345.3400, prob = 0.4033, remaining = 0.0200
Iteration 780: queries = 345.7000, prob = 0.4034, remaining = 0.0200
Iteration 790: queries = 346.1000, prob = 0.4035, remaining = 0.0200
Iteration 800: queries = 346.4400, prob = 0.4035, remaining = 0.0200
Iteration 810: queries = 346.7600, prob = 0.4036, remaining = 0.0200
Iteration 820: queries = 347.1400, prob = 0.4037, remaining = 0.0200
Iteration 830: queries = 347.5000, prob = 0.4039, remaining = 0.0200
Iteration 840: queries = 347.8200, prob = 0.4041, remaining = 0.0200
Iteration 850: queries = 348.1400, prob = 0.4043, remaining = 0.0200
Iteration 860: queries = 348.5200, prob = 0.4045, remaining = 0.0200
Iteration 870: queries = 348.8400, prob = 0.4049, remaining = 0.0200
Iteration 880: queries = 349.1400, prob = 0.4055, remaining = 0.0200
Iteration 890: queries = 349.4200, prob = 0.4071, remaining = 0.0200
Iteration 900: queries = 349.7800, prob = 0.4074, remaining = 0.0200
Iteration 910: queries = 350.1000, prob = 0.4080, remaining = 0.0200
Iteration 920: queries = 350.4400, prob = 0.4089, remaining = 0.0200
Iteration 930: queries = 350.8000, prob = 0.4097, remaining = 0.0200
Iteration 940: queries = 351.1600, prob = 0.4104, remaining = 0.0200
Iteration 10: queries = 15.2000, prob = 0.0238, remaining = 1.0000
Iteration 20: queries = 30.1600, prob = 0.0277, remaining = 0.9600
Iteration 30: queries = 45.1400, prob = 0.0306, remaining = 0.9600
Iteration 40: queries = 60.6400, prob = 0.0422, remaining = 0.9600
Iteration 50: queries = 76.9400, prob = 0.0725, remaining = 0.9400
Iteration 60: queries = 91.6600, prob = 0.0968, remaining = 0.8600
Iteration 70: queries = 105.3200, prob = 0.1240, remaining = 0.8400
Iteration 80: queries = 117.6000, prob = 0.1487, remaining = 0.7200
Iteration 90: queries = 129.6600, prob = 0.1573, remaining = 0.7000
Iteration 100: queries = 141.0800, prob = 0.1707, remaining = 0.7000
Iteration 110: queries = 152.5000, prob = 0.2039, remaining = 0.6400
Iteration 120: queries = 162.2400, prob = 0.2146, remaining = 0.5800
Iteration 130: queries = 172.0400, prob = 0.2273, remaining = 0.5600
Iteration 140: queries = 181.6400, prob = 0.2545, remaining = 0.5200
Iteration 150: queries = 189.5600, prob = 0.2694, remaining = 0.4400
Iteration 160: queries = 197.2400, prob = 0.2767, remaining = 0.4200
Iteration 170: queries = 203.9800, prob = 0.2838, remaining = 0.4000
Iteration 180: queries = 210.8200, prob = 0.2975, remaining = 0.4000
Iteration 190: queries = 216.8000, prob = 0.3141, remaining = 0.3400
Iteration 200: queries = 222.3600, prob = 0.3269, remaining = 0.3000
Iteration 210: queries = 227.0200, prob = 0.3334, remaining = 0.2600
Iteration 220: queries = 231.4800, prob = 0.3372, remaining = 0.2600
Iteration 230: queries = 235.8800, prob = 0.3418, remaining = 0.2400
Iteration 240: queries = 240.3400, prob = 0.3471, remaining = 0.2400
Iteration 250: queries = 243.8800, prob = 0.3571, remaining = 0.2200
Iteration 260: queries = 247.2400, prob = 0.3625, remaining = 0.2000
Iteration 270: queries = 250.4200, prob = 0.3653, remaining = 0.1600
Iteration 280: queries = 253.3200, prob = 0.3671, remaining = 0.1600
Iteration 290: queries = 256.0600, prob = 0.3698, remaining = 0.1400
Iteration 300: queries = 258.4800, prob = 0.3728, remaining = 0.1400
Iteration 310: queries = 260.7200, prob = 0.3777, remaining = 0.1200
Iteration 320: queries = 262.9600, prob = 0.3796, remaining = 0.1200
Iteration 330: queries = 265.1000, prob = 0.3818, remaining = 0.1200
Iteration 340: queries = 266.9000, prob = 0.3842, remaining = 0.1000
Iteration 350: queries = 268.7800, prob = 0.3870, remaining = 0.1000
Iteration 360: queries = 270.5400, prob = 0.3905, remaining = 0.0800
Iteration 370: queries = 271.9600, prob = 0.3918, remaining = 0.0800
Iteration 380: queries = 273.4000, prob = 0.3931, remaining = 0.0600
Iteration 390: queries = 274.4600, prob = 0.3940, remaining = 0.0600
Iteration 400: queries = 275.5600, prob = 0.3945, remaining = 0.0600
Iteration 410: queries = 276.5600, prob = 0.3952, remaining = 0.0600
Iteration 420: queries = 277.5800, prob = 0.3962, remaining = 0.0600
Iteration 430: queries = 278.5800, prob = 0.3970, remaining = 0.0600
Iteration 440: queries = 279.6600, prob = 0.3981, remaining = 0.0600
Iteration 450: queries = 280.5600, prob = 0.4000, remaining = 0.0400
Iteration 460: queries = 281.3200, prob = 0.4006, remaining = 0.0400
Iteration 470: queries = 282.0000, prob = 0.4013, remaining = 0.0400
Iteration 480: queries = 282.3800, prob = 0.4017, remaining = 0.0200
Iteration 490: queries = 282.7400, prob = 0.4023, remaining = 0.0200
Iteration 500: queries = 283.1200, prob = 0.4028, remaining = 0.0200
Iteration 510: queries = 283.4800, prob = 0.4033, remaining = 0.0200
Iteration 520: queries = 283.8400, prob = 0.4043, remaining = 0.0200
Iteration 10: queries = 15.5000, prob = 0.0215, remaining = 0.9600
Iteration 20: queries = 30.8200, prob = 0.0453, remaining = 0.9400
Iteration 30: queries = 45.6600, prob = 0.0620, remaining = 0.8800
Iteration 40: queries = 60.0000, prob = 0.0743, remaining = 0.8800
Iteration 50: queries = 74.1400, prob = 0.0940, remaining = 0.8200
Iteration 60: queries = 87.8600, prob = 0.1133, remaining = 0.7800
Iteration 70: queries = 100.6000, prob = 0.1243, remaining = 0.7600
Iteration 80: queries = 112.9400, prob = 0.1346, remaining = 0.7200
Iteration 90: queries = 125.0200, prob = 0.1526, remaining = 0.7200
Iteration 100: queries = 136.7400, prob = 0.1747, remaining = 0.6400
Iteration 110: queries = 147.2800, prob = 0.1798, remaining = 0.6200
Iteration 120: queries = 157.7200, prob = 0.1967, remaining = 0.6000
Iteration 130: queries = 167.3400, prob = 0.2061, remaining = 0.5600
Iteration 140: queries = 176.7000, prob = 0.2147, remaining = 0.5600
Iteration 150: queries = 186.2600, prob = 0.2353, remaining = 0.5400
Iteration 160: queries = 195.2600, prob = 0.2421, remaining = 0.5000
Iteration 170: queries = 204.1200, prob = 0.2495, remaining = 0.5000
Iteration 180: queries = 212.3000, prob = 0.2554, remaining = 0.4600
Iteration 190: queries = 220.0800, prob = 0.2658, remaining = 0.4600
Iteration 200: queries = 227.4400, prob = 0.2762, remaining = 0.4200
Iteration 210: queries = 234.6000, prob = 0.2863, remaining = 0.4000
Iteration 220: queries = 241.1800, prob = 0.2988, remaining = 0.4000
Iteration 230: queries = 247.6400, prob = 0.3193, remaining = 0.3400
Iteration 240: queries = 252.7000, prob = 0.3313, remaining = 0.2800
Iteration 250: queries = 257.0800, prob = 0.3468, remaining = 0.2400
Iteration 260: queries = 260.8400, prob = 0.3535, remaining = 0.2200
Iteration 270: queries = 264.1600, prob = 0.3592, remaining = 0.2000
Iteration 280: queries = 267.4200, prob = 0.3655, remaining = 0.1800
Iteration 290: queries = 270.4600, prob = 0.3726, remaining = 0.1800
Iteration 300: queries = 273.5200, prob = 0.3778, remaining = 0.1800
Iteration 310: queries = 276.3200, prob = 0.3830, remaining = 0.1600
Iteration 320: queries = 278.8200, prob = 0.3848, remaining = 0.1400
Iteration 330: queries = 280.8000, prob = 0.3880, remaining = 0.1000
Iteration 340: queries = 282.7000, prob = 0.3891, remaining = 0.1000
Iteration 350: queries = 284.5200, prob = 0.3917, remaining = 0.1000
Iteration 360: queries = 285.9600, prob = 0.3942, remaining = 0.0800
Iteration 370: queries = 287.4800, prob = 0.3960, remaining = 0.0800
Iteration 380: queries = 288.8600, prob = 0.3989, remaining = 0.0800
Iteration 390: queries = 290.0400, prob = 0.4000, remaining = 0.0600
Iteration 400: queries = 291.1800, prob = 0.4018, remaining = 0.0600
Iteration 410: queries = 292.3000, prob = 0.4037, remaining = 0.0600
Iteration 420: queries = 293.3400, prob = 0.4071, remaining = 0.0600
Iteration 430: queries = 293.9800, prob = 0.4083, remaining = 0.0200
Iteration 440: queries = 294.3400, prob = 0.4083, remaining = 0.0200
Iteration 450: queries = 294.7000, prob = 0.4083, remaining = 0.0200
Iteration 460: queries = 295.0800, prob = 0.4083, remaining = 0.0200
Iteration 470: queries = 295.4600, prob = 0.4083, remaining = 0.0200
Iteration 480: queries = 295.8200, prob = 0.4083, remaining = 0.0200
Iteration 490: queries = 296.1400, prob = 0.4083, remaining = 0.0200
Iteration 500: queries = 296.4800, prob = 0.4083, remaining = 0.0200
Iteration 510: queries = 296.8800, prob = 0.4083, remaining = 0.0200
Iteration 520: queries = 297.2600, prob = 0.4083, remaining = 0.0200
Iteration 530: queries = 297.6600, prob = 0.4084, remaining = 0.0200
Iteration 540: queries = 298.0600, prob = 0.4084, remaining = 0.0200
Iteration 550: queries = 298.4200, prob = 0.4084, remaining = 0.0200
Iteration 560: queries = 298.7800, prob = 0.4084, remaining = 0.0200
Iteration 570: queries = 299.1400, prob = 0.4085, remaining = 0.0200
Iteration 580: queries = 299.5000, prob = 0.4085, remaining = 0.0200
Iteration 590: queries = 299.8600, prob = 0.4086, remaining = 0.0200
Iteration 600: queries = 300.1600, prob = 0.4086, remaining = 0.0200
Iteration 610: queries = 300.5400, prob = 0.4087, remaining = 0.0200
Iteration 620: queries = 300.8400, prob = 0.4089, remaining = 0.0200
Iteration 630: queries = 301.2200, prob = 0.4091, remaining = 0.0200
Iteration 640: queries = 301.5800, prob = 0.4095, remaining = 0.0200
Iteration 650: queries = 301.8600, prob = 0.4105, remaining = 0.0200
Iteration 660: queries = 302.2000, prob = 0.4114, remaining = 0.0200
Iteration 670: queries = 302.5600, prob = 0.4123, remaining = 0.0200
Iteration 680: queries = 302.8600, prob = 0.4149, remaining = 0.0200
Iteration 690: queries = 303.1800, prob = 0.4154, remaining = 0.0200
Iteration 700: queries = 303.5200, prob = 0.4163, remaining = 0.0200
Iteration 10: queries = 15.6200, prob = 0.0295, remaining = 0.9800
Iteration 20: queries = 31.0200, prob = 0.0346, remaining = 0.9600
Iteration 30: queries = 46.1600, prob = 0.0495, remaining = 0.9400
Iteration 40: queries = 61.0400, prob = 0.0579, remaining = 0.9200
Iteration 50: queries = 76.2800, prob = 0.0640, remaining = 0.9200
Iteration 60: queries = 91.1800, prob = 0.0713, remaining = 0.9000
Iteration 70: queries = 106.0000, prob = 0.0840, remaining = 0.8600
Iteration 80: queries = 119.9200, prob = 0.0965, remaining = 0.8600
Iteration 90: queries = 134.1000, prob = 0.1148, remaining = 0.8200
Iteration 100: queries = 147.5800, prob = 0.1399, remaining = 0.8000
Iteration 110: queries = 160.2200, prob = 0.1777, remaining = 0.7400
Iteration 120: queries = 171.2000, prob = 0.1988, remaining = 0.6400
Iteration 130: queries = 181.5400, prob = 0.2179, remaining = 0.6000
Iteration 140: queries = 191.3600, prob = 0.2314, remaining = 0.5600
Iteration 150: queries = 200.7200, prob = 0.2516, remaining = 0.5400
Iteration 160: queries = 209.5400, prob = 0.2650, remaining = 0.4800
Iteration 170: queries = 218.0600, prob = 0.2770, remaining = 0.4600
Iteration 180: queries = 225.6400, prob = 0.2896, remaining = 0.4400
Iteration 190: queries = 232.0600, prob = 0.2939, remaining = 0.3800
Iteration 200: queries = 238.5800, prob = 0.2982, remaining = 0.3600
Iteration 210: queries = 244.9000, prob = 0.3041, remaining = 0.3600
Iteration 220: queries = 250.9000, prob = 0.3120, remaining = 0.3400
Iteration 230: queries = 256.8600, prob = 0.3169, remaining = 0.3200
Iteration 240: queries = 262.1800, prob = 0.3198, remaining = 0.3000
Iteration 250: queries = 267.4200, prob = 0.3220, remaining = 0.3000
Iteration 260: queries = 272.3000, prob = 0.3253, remaining = 0.2800
Iteration 270: queries = 277.0600, prob = 0.3283, remaining = 0.2800
Iteration 280: queries = 281.7000, prob = 0.3317, remaining = 0.2600
Iteration 290: queries = 286.2400, prob = 0.3354, remaining = 0.2600
Iteration 300: queries = 290.3000, prob = 0.3380, remaining = 0.2200
Iteration 310: queries = 293.9600, prob = 0.3389, remaining = 0.2200
Iteration 320: queries = 297.7800, prob = 0.3402, remaining = 0.2200
Iteration 330: queries = 301.5600, prob = 0.3418, remaining = 0.2200
Iteration 340: queries = 305.3200, prob = 0.3435, remaining = 0.2200
Iteration 350: queries = 309.0600, prob = 0.3469, remaining = 0.2200
Iteration 360: queries = 312.8000, prob = 0.3502, remaining = 0.2200
Iteration 370: queries = 316.6800, prob = 0.3563, remaining = 0.2200
Iteration 380: queries = 320.2400, prob = 0.3628, remaining = 0.2000
Iteration 390: queries = 323.7000, prob = 0.3703, remaining = 0.2000
Iteration 400: queries = 326.7800, prob = 0.3769, remaining = 0.1800
Iteration 410: queries = 329.4800, prob = 0.3865, remaining = 0.1200
Iteration 420: queries = 331.5800, prob = 0.3889, remaining = 0.1200
Iteration 430: queries = 333.6800, prob = 0.3906, remaining = 0.1200
Iteration 440: queries = 335.7000, prob = 0.3936, remaining = 0.1200
Iteration 450: queries = 337.5000, prob = 0.3954, remaining = 0.1000
Iteration 460: queries = 339.2400, prob = 0.3973, remaining = 0.1000
Iteration 470: queries = 340.8200, prob = 0.4006, remaining = 0.1000
Iteration 480: queries = 342.2800, prob = 0.4033, remaining = 0.0800
Iteration 490: queries = 343.7400, prob = 0.4047, remaining = 0.0800
Iteration 500: queries = 345.2000, prob = 0.4076, remaining = 0.0800
Iteration 510: queries = 346.5200, prob = 0.4121, remaining = 0.0800
Iteration 520: queries = 347.6000, prob = 0.4152, remaining = 0.0600
Iteration 530: queries = 348.6000, prob = 0.4177, remaining = 0.0400
Iteration 540: queries = 349.2000, prob = 0.4208, remaining = 0.0200
Iteration 10: queries = 15.2200, prob = 0.0186, remaining = 0.9800
Iteration 20: queries = 31.3800, prob = 0.0342, remaining = 0.9600
Iteration 30: queries = 46.9200, prob = 0.0509, remaining = 0.9200
Iteration 40: queries = 61.9200, prob = 0.0689, remaining = 0.9000
Iteration 50: queries = 76.4400, prob = 0.0947, remaining = 0.8400
Iteration 60: queries = 90.2400, prob = 0.1070, remaining = 0.8200
Iteration 70: queries = 103.9600, prob = 0.1188, remaining = 0.7800
Iteration 80: queries = 117.0800, prob = 0.1269, remaining = 0.7800
Iteration 90: queries = 130.0000, prob = 0.1376, remaining = 0.7200
Iteration 100: queries = 141.6000, prob = 0.1630, remaining = 0.7200
Iteration 110: queries = 152.6800, prob = 0.1861, remaining = 0.6600
Iteration 120: queries = 163.5600, prob = 0.2060, remaining = 0.6000
Iteration 130: queries = 173.0800, prob = 0.2174, remaining = 0.5400
Iteration 140: queries = 182.2000, prob = 0.2325, remaining = 0.5400
Iteration 150: queries = 190.2400, prob = 0.2518, remaining = 0.4400
Iteration 160: queries = 197.8000, prob = 0.2711, remaining = 0.4200
Iteration 170: queries = 204.5800, prob = 0.2785, remaining = 0.3800
Iteration 180: queries = 210.9000, prob = 0.2860, remaining = 0.3600
Iteration 190: queries = 217.1600, prob = 0.2966, remaining = 0.3600
Iteration 200: queries = 222.9000, prob = 0.3036, remaining = 0.3400
Iteration 210: queries = 228.6800, prob = 0.3124, remaining = 0.3000
Iteration 220: queries = 233.9400, prob = 0.3214, remaining = 0.2800
Iteration 230: queries = 238.8000, prob = 0.3285, remaining = 0.2800
Iteration 240: queries = 243.3400, prob = 0.3386, remaining = 0.2600
Iteration 250: queries = 247.7800, prob = 0.3457, remaining = 0.2400
Iteration 260: queries = 251.9200, prob = 0.3563, remaining = 0.2200
Iteration 270: queries = 255.3200, prob = 0.3606, remaining = 0.1800
Iteration 280: queries = 258.6000, prob = 0.3649, remaining = 0.1800
Iteration 290: queries = 261.5400, prob = 0.3709, remaining = 0.1600
Iteration 300: queries = 264.2200, prob = 0.3772, remaining = 0.1400
Iteration 310: queries = 266.5200, prob = 0.3814, remaining = 0.1200
Iteration 320: queries = 268.5800, prob = 0.3852, remaining = 0.1200
Iteration 330: queries = 269.9800, prob = 0.3881, remaining = 0.0800
Iteration 340: queries = 271.4200, prob = 0.3901, remaining = 0.0800
Iteration 350: queries = 272.8000, prob = 0.3921, remaining = 0.0800
Iteration 360: queries = 274.1600, prob = 0.3954, remaining = 0.0800
Iteration 370: queries = 275.3000, prob = 0.4017, remaining = 0.0400
Iteration 380: queries = 276.0200, prob = 0.4027, remaining = 0.0400
Iteration 390: queries = 276.7800, prob = 0.4039, remaining = 0.0400
Iteration 400: queries = 277.3800, prob = 0.4056, remaining = 0.0200
Iteration 410: queries = 277.7400, prob = 0.4085, remaining = 0.0200
Iteration 10: queries = 14.4400, prob = 0.0274, remaining = 0.9800
Iteration 20: queries = 29.4400, prob = 0.0475, remaining = 0.9400
Iteration 30: queries = 44.6200, prob = 0.0686, remaining = 0.9000
Iteration 40: queries = 59.0200, prob = 0.0934, remaining = 0.8800
Iteration 50: queries = 73.2000, prob = 0.1152, remaining = 0.8200
Iteration 60: queries = 86.3200, prob = 0.1286, remaining = 0.7800
Iteration 70: queries = 99.5000, prob = 0.1705, remaining = 0.7600
Iteration 80: queries = 111.2600, prob = 0.1918, remaining = 0.6600
Iteration 90: queries = 121.7400, prob = 0.2042, remaining = 0.6000
Iteration 100: queries = 132.2400, prob = 0.2099, remaining = 0.6000
Iteration 110: queries = 142.4600, prob = 0.2294, remaining = 0.5600
Iteration 120: queries = 151.6000, prob = 0.2463, remaining = 0.5400
Iteration 130: queries = 160.4200, prob = 0.2559, remaining = 0.5000
Iteration 140: queries = 168.5200, prob = 0.2615, remaining = 0.4800
Iteration 150: queries = 176.5400, prob = 0.2683, remaining = 0.4400
Iteration 160: queries = 184.2800, prob = 0.2724, remaining = 0.4400
Iteration 170: queries = 191.7200, prob = 0.2805, remaining = 0.4200
Iteration 180: queries = 198.9000, prob = 0.2896, remaining = 0.4200
Iteration 190: queries = 206.0000, prob = 0.3015, remaining = 0.4000
Iteration 200: queries = 212.5800, prob = 0.3113, remaining = 0.3800
Iteration 210: queries = 218.7000, prob = 0.3304, remaining = 0.3600
Iteration 220: queries = 224.2600, prob = 0.3456, remaining = 0.3000
Iteration 230: queries = 229.1800, prob = 0.3522, remaining = 0.2800
Iteration 240: queries = 233.4800, prob = 0.3582, remaining = 0.2400
Iteration 250: queries = 237.6800, prob = 0.3676, remaining = 0.2400
Iteration 260: queries = 241.6000, prob = 0.3743, remaining = 0.2200
Iteration 270: queries = 245.3000, prob = 0.3824, remaining = 0.1800
Iteration 280: queries = 248.4400, prob = 0.3874, remaining = 0.1800
Iteration 290: queries = 251.3600, prob = 0.3904, remaining = 0.1600
Iteration 300: queries = 254.1400, prob = 0.3995, remaining = 0.1600
Iteration 310: queries = 256.6400, prob = 0.4023, remaining = 0.1200
Iteration 320: queries = 258.7000, prob = 0.4044, remaining = 0.1200
Iteration 330: queries = 260.7800, prob = 0.4053, remaining = 0.1000
Iteration 340: queries = 262.5600, prob = 0.4064, remaining = 0.1000
Iteration 350: queries = 264.3400, prob = 0.4073, remaining = 0.1000
Iteration 360: queries = 266.0400, prob = 0.4086, remaining = 0.1000
Iteration 370: queries = 267.7400, prob = 0.4103, remaining = 0.1000
Iteration 380: queries = 269.5200, prob = 0.4118, remaining = 0.1000
Iteration 390: queries = 271.0400, prob = 0.4130, remaining = 0.0800
Iteration 400: queries = 272.4800, prob = 0.4137, remaining = 0.0800
Iteration 410: queries = 273.8600, prob = 0.4152, remaining = 0.0800
Iteration 420: queries = 275.2200, prob = 0.4192, remaining = 0.0800
Iteration 430: queries = 276.4200, prob = 0.4221, remaining = 0.0600
Iteration 440: queries = 277.4800, prob = 0.4229, remaining = 0.0600
Iteration 450: queries = 278.4600, prob = 0.4239, remaining = 0.0600
Iteration 460: queries = 279.5000, prob = 0.4248, remaining = 0.0600
Iteration 470: queries = 280.6000, prob = 0.4271, remaining = 0.0600
Iteration 480: queries = 281.6400, prob = 0.4300, remaining = 0.0600
Iteration 490: queries = 282.4600, prob = 0.4303, remaining = 0.0400
Iteration 500: queries = 282.9000, prob = 0.4309, remaining = 0.0200
Iteration 510: queries = 283.2200, prob = 0.4311, remaining = 0.0200
Iteration 520: queries = 283.6200, prob = 0.4314, remaining = 0.0200
Iteration 530: queries = 284.0000, prob = 0.4315, remaining = 0.0200
Iteration 540: queries = 284.3600, prob = 0.4315, remaining = 0.0200
Iteration 550: queries = 284.7200, prob = 0.4320, remaining = 0.0200
Iteration 560: queries = 285.1000, prob = 0.4325, remaining = 0.0200
Iteration 570: queries = 285.5000, prob = 0.4326, remaining = 0.0200
Iteration 580: queries = 285.9000, prob = 0.4328, remaining = 0.0200
Iteration 590: queries = 286.3000, prob = 0.4329, remaining = 0.0200
Iteration 600: queries = 286.6800, prob = 0.4330, remaining = 0.0200
Iteration 610: queries = 287.0400, prob = 0.4333, remaining = 0.0200
Iteration 620: queries = 287.4000, prob = 0.4339, remaining = 0.0200
Iteration 10: queries = 15.1600, prob = 0.0145, remaining = 0.9800
Iteration 20: queries = 30.0800, prob = 0.0250, remaining = 0.9600
Iteration 30: queries = 45.1600, prob = 0.0478, remaining = 0.9400
Iteration 40: queries = 59.5800, prob = 0.0773, remaining = 0.8600
Iteration 50: queries = 73.4200, prob = 0.0954, remaining = 0.8400
Iteration 60: queries = 87.1800, prob = 0.1046, remaining = 0.8200
Iteration 70: queries = 100.4000, prob = 0.1162, remaining = 0.8200
Iteration 80: queries = 113.4200, prob = 0.1403, remaining = 0.7800
Iteration 90: queries = 125.8800, prob = 0.1590, remaining = 0.7200
Iteration 100: queries = 137.2400, prob = 0.1808, remaining = 0.6600
Iteration 110: queries = 147.8200, prob = 0.2110, remaining = 0.5800
Iteration 120: queries = 156.9600, prob = 0.2337, remaining = 0.5400
Iteration 130: queries = 164.9000, prob = 0.2440, remaining = 0.4600
Iteration 140: queries = 172.6400, prob = 0.2595, remaining = 0.4600
Iteration 150: queries = 179.9400, prob = 0.2820, remaining = 0.4200
Iteration 160: queries = 186.6400, prob = 0.2960, remaining = 0.3800
Iteration 170: queries = 192.0800, prob = 0.3051, remaining = 0.3000
Iteration 180: queries = 197.2800, prob = 0.3088, remaining = 0.3000
Iteration 190: queries = 202.5200, prob = 0.3130, remaining = 0.3000
Iteration 200: queries = 207.6600, prob = 0.3191, remaining = 0.3000
Iteration 210: queries = 212.5000, prob = 0.3240, remaining = 0.2600
Iteration 220: queries = 216.9400, prob = 0.3282, remaining = 0.2600
Iteration 230: queries = 220.8000, prob = 0.3293, remaining = 0.2200
Iteration 240: queries = 224.7400, prob = 0.3297, remaining = 0.2200
Iteration 250: queries = 228.3800, prob = 0.3319, remaining = 0.2200
Iteration 260: queries = 232.1800, prob = 0.3361, remaining = 0.2200
Iteration 270: queries = 235.7200, prob = 0.3369, remaining = 0.2000
Iteration 280: queries = 239.2400, prob = 0.3375, remaining = 0.2000
Iteration 290: queries = 242.7800, prob = 0.3383, remaining = 0.2000
Iteration 300: queries = 246.2000, prob = 0.3410, remaining = 0.2000
Iteration 310: queries = 249.5600, prob = 0.3451, remaining = 0.2000
Iteration 320: queries = 252.9000, prob = 0.3465, remaining = 0.1800
Iteration 330: queries = 256.0600, prob = 0.3493, remaining = 0.1800
Iteration 340: queries = 259.1000, prob = 0.3528, remaining = 0.1600
Iteration 350: queries = 261.5400, prob = 0.3561, remaining = 0.1400
Iteration 360: queries = 263.8800, prob = 0.3587, remaining = 0.1400
Iteration 370: queries = 266.3200, prob = 0.3636, remaining = 0.1400
Iteration 380: queries = 268.5200, prob = 0.3665, remaining = 0.1200
Iteration 390: queries = 270.6600, prob = 0.3699, remaining = 0.1200
Iteration 400: queries = 272.7200, prob = 0.3729, remaining = 0.1200
Iteration 410: queries = 274.6400, prob = 0.3764, remaining = 0.1200
Iteration 420: queries = 276.4600, prob = 0.3782, remaining = 0.1000
Iteration 430: queries = 278.2800, prob = 0.3795, remaining = 0.1000
Iteration 440: queries = 279.9800, prob = 0.3835, remaining = 0.1000
Iteration 450: queries = 281.2000, prob = 0.3859, remaining = 0.0600
Iteration 460: queries = 282.2000, prob = 0.3871, remaining = 0.0600
Iteration 470: queries = 283.2000, prob = 0.3884, remaining = 0.0600
Iteration 480: queries = 284.2600, prob = 0.3895, remaining = 0.0600
Iteration 490: queries = 285.0600, prob = 0.3902, remaining = 0.0400
Iteration 500: queries = 285.7800, prob = 0.3904, remaining = 0.0400
Iteration 510: queries = 286.4600, prob = 0.3910, remaining = 0.0400
Iteration 520: queries = 287.1800, prob = 0.3917, remaining = 0.0400
Iteration 530: queries = 287.8600, prob = 0.3928, remaining = 0.0400
Iteration 540: queries = 288.5800, prob = 0.3943, remaining = 0.0400
Iteration 550: queries = 289.2600, prob = 0.3953, remaining = 0.0400
Iteration 560: queries = 290.0200, prob = 0.3967, remaining = 0.0400
Iteration 570: queries = 290.4800, prob = 0.3973, remaining = 0.0200
Iteration 580: queries = 290.8400, prob = 0.3974, remaining = 0.0200
Iteration 590: queries = 291.1800, prob = 0.3987, remaining = 0.0200
Iteration 600: queries = 291.5600, prob = 0.3990, remaining = 0.0200
Iteration 610: queries = 291.9400, prob = 0.3993, remaining = 0.0200
Iteration 620: queries = 292.2800, prob = 0.4000, remaining = 0.0200
Iteration 630: queries = 292.6600, prob = 0.4005, remaining = 0.0200
Iteration 640: queries = 293.0000, prob = 0.4021, remaining = 0.0200
Iteration 10: queries = 14.7600, prob = 0.0291, remaining = 0.9600
Iteration 20: queries = 30.1400, prob = 0.0313, remaining = 0.9600
Iteration 30: queries = 45.4000, prob = 0.0342, remaining = 0.9600
Iteration 40: queries = 60.8000, prob = 0.0399, remaining = 0.9600
Iteration 50: queries = 75.9800, prob = 0.0502, remaining = 0.9400
Iteration 60: queries = 90.7000, prob = 0.0641, remaining = 0.9000
Iteration 70: queries = 105.8000, prob = 0.0801, remaining = 0.9000
Iteration 80: queries = 119.7600, prob = 0.1010, remaining = 0.8400
Iteration 90: queries = 133.6600, prob = 0.1228, remaining = 0.8200
Iteration 100: queries = 147.0000, prob = 0.1518, remaining = 0.7600
Iteration 110: queries = 158.8400, prob = 0.1737, remaining = 0.6800
Iteration 120: queries = 169.3000, prob = 0.1864, remaining = 0.6400
Iteration 130: queries = 179.5000, prob = 0.1981, remaining = 0.6000
Iteration 140: queries = 189.4000, prob = 0.2050, remaining = 0.5800
Iteration 150: queries = 199.1800, prob = 0.2141, remaining = 0.5800
Iteration 160: queries = 208.9400, prob = 0.2328, remaining = 0.5800
Iteration 170: queries = 217.8800, prob = 0.2515, remaining = 0.4800
Iteration 180: queries = 225.8600, prob = 0.2626, remaining = 0.4800
Iteration 190: queries = 234.1600, prob = 0.2709, remaining = 0.4200
Iteration 200: queries = 241.3600, prob = 0.2783, remaining = 0.4000
Iteration 210: queries = 248.4600, prob = 0.2863, remaining = 0.3800
Iteration 220: queries = 255.1000, prob = 0.2922, remaining = 0.3800
Iteration 230: queries = 261.7000, prob = 0.3002, remaining = 0.3600
Iteration 240: queries = 267.2000, prob = 0.3064, remaining = 0.3000
Iteration 250: queries = 272.2000, prob = 0.3102, remaining = 0.2800
Iteration 260: queries = 276.8800, prob = 0.3125, remaining = 0.2800
Iteration 270: queries = 281.6800, prob = 0.3157, remaining = 0.2800
Iteration 280: queries = 286.5600, prob = 0.3211, remaining = 0.2800
Iteration 290: queries = 291.1200, prob = 0.3273, remaining = 0.2600
Iteration 300: queries = 295.4400, prob = 0.3381, remaining = 0.2400
Iteration 310: queries = 299.3400, prob = 0.3547, remaining = 0.2000
Iteration 320: queries = 302.3600, prob = 0.3703, remaining = 0.1600
Iteration 330: queries = 304.6600, prob = 0.3778, remaining = 0.1200
Iteration 340: queries = 306.7400, prob = 0.3862, remaining = 0.1000
Iteration 350: queries = 308.1600, prob = 0.3885, remaining = 0.0800
Iteration 360: queries = 309.4800, prob = 0.3905, remaining = 0.0800
Iteration 370: queries = 310.9000, prob = 0.3940, remaining = 0.0800
Iteration 380: queries = 312.3800, prob = 0.3961, remaining = 0.0800
Iteration 390: queries = 313.3000, prob = 0.3997, remaining = 0.0600
Iteration 400: queries = 314.3200, prob = 0.4015, remaining = 0.0600
Iteration 410: queries = 315.2400, prob = 0.4059, remaining = 0.0400
Iteration 420: queries = 315.9600, prob = 0.4070, remaining = 0.0400
Iteration 430: queries = 316.4000, prob = 0.4082, remaining = 0.0200
Iteration 440: queries = 316.7600, prob = 0.4082, remaining = 0.0200
Iteration 450: queries = 317.1200, prob = 0.4083, remaining = 0.0200
Iteration 460: queries = 317.4800, prob = 0.4083, remaining = 0.0200
Iteration 470: queries = 317.8800, prob = 0.4083, remaining = 0.0200
Iteration 480: queries = 318.2000, prob = 0.4084, remaining = 0.0200
Iteration 490: queries = 318.5600, prob = 0.4084, remaining = 0.0200
Iteration 500: queries = 318.8600, prob = 0.4084, remaining = 0.0200
Iteration 510: queries = 319.1800, prob = 0.4085, remaining = 0.0200
Iteration 520: queries = 319.5400, prob = 0.4085, remaining = 0.0200
Iteration 530: queries = 319.8400, prob = 0.4087, remaining = 0.0200
Iteration 540: queries = 320.1800, prob = 0.4089, remaining = 0.0200
Iteration 550: queries = 320.5200, prob = 0.4091, remaining = 0.0200
Iteration 560: queries = 320.9200, prob = 0.4094, remaining = 0.0200
Iteration 570: queries = 321.2200, prob = 0.4102, remaining = 0.0200
Iteration 580: queries = 321.5800, prob = 0.4106, remaining = 0.0200
Iteration 590: queries = 321.9200, prob = 0.4108, remaining = 0.0200
Iteration 600: queries = 322.2400, prob = 0.4114, remaining = 0.0200
Iteration 610: queries = 322.6000, prob = 0.4121, remaining = 0.0200
Iteration 620: queries = 322.9800, prob = 0.4131, remaining = 0.0200
Iteration 630: queries = 323.3200, prob = 0.4139, remaining = 0.0200
Iteration 640: queries = 323.7000, prob = 0.4142, remaining = 0.0200
Iteration 650: queries = 324.0600, prob = 0.4147, remaining = 0.0200
Iteration 660: queries = 324.4200, prob = 0.4157, remaining = 0.0200
Iteration 670: queries = 324.8000, prob = 0.4163, remaining = 0.0200
Iteration 680: queries = 325.1200, prob = 0.4170, remaining = 0.0200
Iteration 690: queries = 325.5200, prob = 0.4174, remaining = 0.0200
Iteration 10: queries = 15.0600, prob = 0.0227, remaining = 0.9800
Iteration 20: queries = 30.1200, prob = 0.0319, remaining = 0.9600
Iteration 30: queries = 45.1800, prob = 0.0573, remaining = 0.9000
Iteration 40: queries = 59.7600, prob = 0.0819, remaining = 0.8800
Iteration 50: queries = 73.6400, prob = 0.0997, remaining = 0.8400
Iteration 60: queries = 87.2800, prob = 0.1132, remaining = 0.8000
Iteration 70: queries = 100.6800, prob = 0.1343, remaining = 0.8000
Iteration 80: queries = 113.4800, prob = 0.1538, remaining = 0.7400
Iteration 90: queries = 125.4600, prob = 0.1714, remaining = 0.7000
Iteration 100: queries = 136.9000, prob = 0.1921, remaining = 0.6400
Iteration 110: queries = 147.5800, prob = 0.2042, remaining = 0.6200
Iteration 120: queries = 158.2000, prob = 0.2254, remaining = 0.6000
Iteration 130: queries = 167.3600, prob = 0.2435, remaining = 0.5400
Iteration 140: queries = 175.9800, prob = 0.2527, remaining = 0.4800
Iteration 150: queries = 183.9400, prob = 0.2634, remaining = 0.4600
Iteration 160: queries = 191.6200, prob = 0.2709, remaining = 0.4400
Iteration 170: queries = 199.2800, prob = 0.2865, remaining = 0.4400
Iteration 180: queries = 206.1000, prob = 0.3049, remaining = 0.3800
Iteration 190: queries = 212.3000, prob = 0.3214, remaining = 0.3400
Iteration 200: queries = 217.8600, prob = 0.3370, remaining = 0.3200
Iteration 210: queries = 222.4200, prob = 0.3416, remaining = 0.2800
Iteration 220: queries = 227.3800, prob = 0.3460, remaining = 0.2800
Iteration 230: queries = 231.9400, prob = 0.3517, remaining = 0.2600
Iteration 240: queries = 236.5200, prob = 0.3571, remaining = 0.2600
Iteration 250: queries = 240.7200, prob = 0.3662, remaining = 0.2400
Iteration 260: queries = 244.7000, prob = 0.3703, remaining = 0.2200
Iteration 270: queries = 248.1600, prob = 0.3789, remaining = 0.2000
Iteration 280: queries = 251.5000, prob = 0.3841, remaining = 0.1800
Iteration 290: queries = 254.5200, prob = 0.3880, remaining = 0.1600
Iteration 300: queries = 257.1400, prob = 0.3901, remaining = 0.1400
Iteration 310: queries = 259.6600, prob = 0.3918, remaining = 0.1400
Iteration 320: queries = 262.1200, prob = 0.3950, remaining = 0.1400
Iteration 330: queries = 264.2800, prob = 0.3992, remaining = 0.1200
Iteration 340: queries = 266.3400, prob = 0.4032, remaining = 0.1200
Iteration 350: queries = 268.3800, prob = 0.4070, remaining = 0.1200
Iteration 360: queries = 270.3800, prob = 0.4114, remaining = 0.1000
Iteration 370: queries = 272.0000, prob = 0.4158, remaining = 0.0800
Iteration 380: queries = 273.3800, prob = 0.4197, remaining = 0.0600
Iteration 390: queries = 274.3200, prob = 0.4224, remaining = 0.0400
Iteration 400: queries = 275.0600, prob = 0.4227, remaining = 0.0400
Iteration 410: queries = 275.8200, prob = 0.4234, remaining = 0.0400
Iteration 420: queries = 276.5000, prob = 0.4241, remaining = 0.0400
Iteration 430: queries = 277.2000, prob = 0.4248, remaining = 0.0400
Iteration 440: queries = 277.8800, prob = 0.4257, remaining = 0.0400
Iteration 450: queries = 278.5600, prob = 0.4270, remaining = 0.0400
Iteration 460: queries = 279.2200, prob = 0.4296, remaining = 0.0400
Iteration 470: queries = 280.0000, prob = 0.4303, remaining = 0.0400
Iteration 480: queries = 280.4000, prob = 0.4307, remaining = 0.0200
Iteration 490: queries = 280.7600, prob = 0.4310, remaining = 0.0200
Iteration 500: queries = 281.1000, prob = 0.4328, remaining = 0.0200
Iteration 510: queries = 281.4400, prob = 0.4346, remaining = 0.0200
Iteration 520: queries = 281.8400, prob = 0.4353, remaining = 0.0200
Iteration 10: queries = 15.2200, prob = 0.0016, remaining = 1.0000
Iteration 20: queries = 30.7200, prob = 0.0111, remaining = 0.9800
Iteration 30: queries = 46.1800, prob = 0.0255, remaining = 0.9600
Iteration 40: queries = 61.4600, prob = 0.0363, remaining = 0.9400
Iteration 50: queries = 76.6800, prob = 0.0628, remaining = 0.9000
Iteration 60: queries = 90.8000, prob = 0.0786, remaining = 0.8600
Iteration 70: queries = 104.6800, prob = 0.0940, remaining = 0.8200
Iteration 80: queries = 117.7800, prob = 0.1109, remaining = 0.8000
Iteration 90: queries = 130.2800, prob = 0.1313, remaining = 0.7400
Iteration 100: queries = 142.6200, prob = 0.1423, remaining = 0.7400
Iteration 110: queries = 154.3000, prob = 0.1554, remaining = 0.7000
Iteration 120: queries = 165.3400, prob = 0.1683, remaining = 0.6400
Iteration 130: queries = 176.0600, prob = 0.1851, remaining = 0.6400
Iteration 140: queries = 185.9800, prob = 0.2006, remaining = 0.5800
Iteration 150: queries = 195.8600, prob = 0.2071, remaining = 0.5400
Iteration 160: queries = 205.5000, prob = 0.2147, remaining = 0.5400
Iteration 170: queries = 214.5400, prob = 0.2263, remaining = 0.5400
Iteration 180: queries = 223.0400, prob = 0.2427, remaining = 0.5000
Iteration 190: queries = 232.0200, prob = 0.2539, remaining = 0.4800
Iteration 200: queries = 239.8400, prob = 0.2693, remaining = 0.3800
Iteration 210: queries = 246.3600, prob = 0.2757, remaining = 0.3600
Iteration 220: queries = 252.5400, prob = 0.2816, remaining = 0.3600
Iteration 230: queries = 258.3600, prob = 0.2909, remaining = 0.3200
Iteration 240: queries = 264.0000, prob = 0.2986, remaining = 0.3200
Iteration 250: queries = 269.1600, prob = 0.3059, remaining = 0.2800
Iteration 260: queries = 273.7400, prob = 0.3120, remaining = 0.2600
Iteration 270: queries = 278.2000, prob = 0.3156, remaining = 0.2600
Iteration 280: queries = 282.1600, prob = 0.3177, remaining = 0.2200
Iteration 290: queries = 285.8200, prob = 0.3192, remaining = 0.2000
Iteration 300: queries = 289.3200, prob = 0.3214, remaining = 0.2000
Iteration 310: queries = 292.6400, prob = 0.3248, remaining = 0.2000
Iteration 320: queries = 296.2200, prob = 0.3301, remaining = 0.2000
Iteration 330: queries = 299.6400, prob = 0.3343, remaining = 0.2000
Iteration 340: queries = 302.9000, prob = 0.3381, remaining = 0.1800
Iteration 350: queries = 305.8200, prob = 0.3418, remaining = 0.1600
Iteration 360: queries = 308.7000, prob = 0.3456, remaining = 0.1600
Iteration 370: queries = 311.4400, prob = 0.3513, remaining = 0.1600
Iteration 380: queries = 313.7000, prob = 0.3558, remaining = 0.1200
Iteration 390: queries = 315.6800, prob = 0.3583, remaining = 0.1000
Iteration 400: queries = 317.3200, prob = 0.3592, remaining = 0.1000
Iteration 410: queries = 318.8600, prob = 0.3599, remaining = 0.0800
Iteration 420: queries = 320.2800, prob = 0.3604, remaining = 0.0800
Iteration 430: queries = 321.7400, prob = 0.3612, remaining = 0.0800
Iteration 440: queries = 323.1800, prob = 0.3628, remaining = 0.0800
Iteration 450: queries = 324.6200, prob = 0.3640, remaining = 0.0800
Iteration 460: queries = 326.0200, prob = 0.3650, remaining = 0.0800
Iteration 470: queries = 327.5000, prob = 0.3665, remaining = 0.0800
Iteration 480: queries = 328.7200, prob = 0.3687, remaining = 0.0600
Iteration 490: queries = 329.8000, prob = 0.3696, remaining = 0.0600
Iteration 500: queries = 330.8400, prob = 0.3705, remaining = 0.0600
Iteration 510: queries = 331.9000, prob = 0.3726, remaining = 0.0600
Iteration 520: queries = 332.9800, prob = 0.3734, remaining = 0.0600
Iteration 530: queries = 333.9600, prob = 0.3749, remaining = 0.0600
Iteration 540: queries = 334.8800, prob = 0.3764, remaining = 0.0600
Iteration 550: queries = 335.6600, prob = 0.3769, remaining = 0.0400
Iteration 560: queries = 336.3200, prob = 0.3781, remaining = 0.0400
Iteration 570: queries = 337.0200, prob = 0.3792, remaining = 0.0400
Iteration 580: queries = 337.7600, prob = 0.3796, remaining = 0.0400
Iteration 590: queries = 338.2600, prob = 0.3807, remaining = 0.0200
Iteration 600: queries = 338.5400, prob = 0.3810, remaining = 0.0200
Iteration 610: queries = 338.9000, prob = 0.3814, remaining = 0.0200
Iteration 620: queries = 339.2000, prob = 0.3819, remaining = 0.0200
Iteration 630: queries = 339.5800, prob = 0.3825, remaining = 0.0200
Iteration 640: queries = 339.9400, prob = 0.3834, remaining = 0.0200
Iteration 650: queries = 340.2800, prob = 0.3844, remaining = 0.0200
Iteration 660: queries = 340.5600, prob = 0.3870, remaining = 0.0200
Iteration 670: queries = 340.8800, prob = 0.3891, remaining = 0.0200
Iteration 10: queries = 14.9800, prob = 0.0017, remaining = 1.0000
Iteration 20: queries = 31.0000, prob = 0.0059, remaining = 1.0000
Iteration 30: queries = 46.8200, prob = 0.0289, remaining = 0.9800
Iteration 40: queries = 61.6200, prob = 0.0659, remaining = 0.9000
Iteration 50: queries = 75.8800, prob = 0.0919, remaining = 0.8400
Iteration 60: queries = 89.5800, prob = 0.1019, remaining = 0.8200
Iteration 70: queries = 103.0000, prob = 0.1343, remaining = 0.8000
Iteration 80: queries = 115.7600, prob = 0.1523, remaining = 0.7200
Iteration 90: queries = 127.6200, prob = 0.1666, remaining = 0.6800
Iteration 100: queries = 139.0000, prob = 0.1806, remaining = 0.6600
Iteration 110: queries = 149.6800, prob = 0.1911, remaining = 0.6400
Iteration 120: queries = 159.8400, prob = 0.2086, remaining = 0.6000
Iteration 130: queries = 170.5800, prob = 0.2283, remaining = 0.5800
Iteration 140: queries = 180.4800, prob = 0.2496, remaining = 0.5400
Iteration 150: queries = 189.0800, prob = 0.2566, remaining = 0.5000
Iteration 160: queries = 197.3200, prob = 0.2678, remaining = 0.4800
Iteration 170: queries = 205.5000, prob = 0.2814, remaining = 0.4400
Iteration 180: queries = 212.9600, prob = 0.2888, remaining = 0.4200
Iteration 190: queries = 220.2200, prob = 0.3012, remaining = 0.4000
Iteration 200: queries = 226.9400, prob = 0.3120, remaining = 0.3800
Iteration 210: queries = 233.0400, prob = 0.3265, remaining = 0.3400
Iteration 220: queries = 238.7800, prob = 0.3327, remaining = 0.3200
Iteration 230: queries = 243.5600, prob = 0.3419, remaining = 0.2800
Iteration 240: queries = 248.5600, prob = 0.3521, remaining = 0.2800
Iteration 250: queries = 252.9000, prob = 0.3607, remaining = 0.2400
Iteration 260: queries = 257.0800, prob = 0.3666, remaining = 0.2400
Iteration 270: queries = 260.9800, prob = 0.3769, remaining = 0.2000
Iteration 280: queries = 263.6200, prob = 0.3799, remaining = 0.1400
Iteration 290: queries = 265.9600, prob = 0.3812, remaining = 0.1400
Iteration 300: queries = 268.4000, prob = 0.3819, remaining = 0.1400
Iteration 310: queries = 270.7400, prob = 0.3836, remaining = 0.1200
Iteration 320: queries = 272.8800, prob = 0.3838, remaining = 0.1200
Iteration 330: queries = 275.0600, prob = 0.3840, remaining = 0.1200
Iteration 340: queries = 277.3200, prob = 0.3842, remaining = 0.1200
Iteration 350: queries = 279.4200, prob = 0.3847, remaining = 0.1200
Iteration 360: queries = 281.7000, prob = 0.3849, remaining = 0.1200
Iteration 370: queries = 283.8400, prob = 0.3855, remaining = 0.1200
Iteration 380: queries = 286.0600, prob = 0.3870, remaining = 0.1200
Iteration 390: queries = 288.2000, prob = 0.3885, remaining = 0.1200
Iteration 400: queries = 290.2600, prob = 0.3901, remaining = 0.1000
Iteration 410: queries = 292.0800, prob = 0.3917, remaining = 0.1000
Iteration 420: queries = 293.8800, prob = 0.3935, remaining = 0.1000
Iteration 430: queries = 295.6000, prob = 0.3944, remaining = 0.1000
Iteration 440: queries = 297.4000, prob = 0.3957, remaining = 0.1000
Iteration 450: queries = 299.1800, prob = 0.3970, remaining = 0.1000
Iteration 460: queries = 300.7000, prob = 0.3979, remaining = 0.0800
Iteration 470: queries = 302.0800, prob = 0.3989, remaining = 0.0800
Iteration 480: queries = 303.5000, prob = 0.4002, remaining = 0.0800
Iteration 490: queries = 304.9000, prob = 0.4020, remaining = 0.0800
Iteration 500: queries = 306.3000, prob = 0.4043, remaining = 0.0800
Iteration 510: queries = 307.5400, prob = 0.4067, remaining = 0.0600
Iteration 520: queries = 308.6400, prob = 0.4092, remaining = 0.0600
Iteration 530: queries = 309.6400, prob = 0.4099, remaining = 0.0400
Iteration 540: queries = 310.4000, prob = 0.4107, remaining = 0.0400
Iteration 550: queries = 311.1000, prob = 0.4114, remaining = 0.0400
Iteration 560: queries = 311.5800, prob = 0.4124, remaining = 0.0200
Iteration 570: queries = 311.8800, prob = 0.4128, remaining = 0.0200
Iteration 580: queries = 312.2200, prob = 0.4132, remaining = 0.0200
Iteration 590: queries = 312.6200, prob = 0.4135, remaining = 0.0200
Iteration 600: queries = 312.9600, prob = 0.4138, remaining = 0.0200
Iteration 610: queries = 313.3400, prob = 0.4142, remaining = 0.0200
Iteration 620: queries = 313.6600, prob = 0.4148, remaining = 0.0200
Iteration 630: queries = 314.0400, prob = 0.4153, remaining = 0.0200
Iteration 640: queries = 314.4000, prob = 0.4159, remaining = 0.0200
Iteration 650: queries = 314.7600, prob = 0.4162, remaining = 0.0200
Iteration 660: queries = 315.0600, prob = 0.4171, remaining = 0.0200
Iteration 670: queries = 315.4200, prob = 0.4177, remaining = 0.0200
Iteration 680: queries = 315.7800, prob = 0.4184, remaining = 0.0200
Iteration 10: queries = 14.7000, prob = 0.0267, remaining = 0.9800
Iteration 20: queries = 29.0200, prob = 0.0407, remaining = 0.9200
Iteration 30: queries = 43.7200, prob = 0.0449, remaining = 0.9200
Iteration 40: queries = 58.4000, prob = 0.0584, remaining = 0.9000
Iteration 50: queries = 73.0600, prob = 0.0812, remaining = 0.8800
Iteration 60: queries = 86.5600, prob = 0.0972, remaining = 0.8200
Iteration 70: queries = 99.8200, prob = 0.1237, remaining = 0.8000
Iteration 80: queries = 113.0000, prob = 0.1556, remaining = 0.7400
Iteration 90: queries = 124.4000, prob = 0.1712, remaining = 0.6600
Iteration 100: queries = 135.2000, prob = 0.1926, remaining = 0.6400
Iteration 110: queries = 144.9200, prob = 0.2194, remaining = 0.5800
Iteration 120: queries = 154.5400, prob = 0.2389, remaining = 0.5400
Iteration 130: queries = 162.7600, prob = 0.2522, remaining = 0.4600
Iteration 140: queries = 170.1000, prob = 0.2652, remaining = 0.4600
Iteration 150: queries = 177.5600, prob = 0.2745, remaining = 0.4200
Iteration 160: queries = 184.8200, prob = 0.2863, remaining = 0.4200
Iteration 170: queries = 191.7800, prob = 0.2977, remaining = 0.4000
Iteration 180: queries = 198.0200, prob = 0.3078, remaining = 0.3400
Iteration 190: queries = 203.4600, prob = 0.3222, remaining = 0.3000
Iteration 200: queries = 208.4200, prob = 0.3319, remaining = 0.2600
Iteration 210: queries = 212.4200, prob = 0.3370, remaining = 0.2400
Iteration 220: queries = 216.3800, prob = 0.3460, remaining = 0.2200
Iteration 230: queries = 220.1200, prob = 0.3507, remaining = 0.2200
Iteration 240: queries = 223.5600, prob = 0.3551, remaining = 0.1800
Iteration 250: queries = 226.8400, prob = 0.3567, remaining = 0.1800
Iteration 260: queries = 230.0000, prob = 0.3605, remaining = 0.1800
Iteration 270: queries = 233.0600, prob = 0.3660, remaining = 0.1800
Iteration 280: queries = 235.9800, prob = 0.3738, remaining = 0.1600
Iteration 290: queries = 238.3200, prob = 0.3776, remaining = 0.1200
Iteration 300: queries = 240.4800, prob = 0.3790, remaining = 0.1200
Iteration 310: queries = 242.4600, prob = 0.3811, remaining = 0.1200
Iteration 320: queries = 244.6400, prob = 0.3834, remaining = 0.1200
Iteration 330: queries = 246.4400, prob = 0.3867, remaining = 0.1000
Iteration 340: queries = 248.0400, prob = 0.3893, remaining = 0.0800
Iteration 350: queries = 249.3800, prob = 0.3910, remaining = 0.0800
Iteration 360: queries = 250.7600, prob = 0.3938, remaining = 0.0800
Iteration 370: queries = 251.9200, prob = 0.3971, remaining = 0.0600
Iteration 380: queries = 252.9400, prob = 0.3979, remaining = 0.0600
Iteration 390: queries = 253.9400, prob = 0.3986, remaining = 0.0600
Iteration 400: queries = 254.9400, prob = 0.4001, remaining = 0.0600
Iteration 410: queries = 255.9800, prob = 0.4022, remaining = 0.0600
Iteration 420: queries = 256.8600, prob = 0.4044, remaining = 0.0400
Iteration 430: queries = 257.5400, prob = 0.4055, remaining = 0.0400
Iteration 440: queries = 258.0800, prob = 0.4071, remaining = 0.0200
Iteration 450: queries = 258.4400, prob = 0.4071, remaining = 0.0200
Iteration 460: queries = 258.8000, prob = 0.4071, remaining = 0.0200
Iteration 470: queries = 259.1400, prob = 0.4072, remaining = 0.0200
Iteration 480: queries = 259.4800, prob = 0.4072, remaining = 0.0200
Iteration 490: queries = 259.8200, prob = 0.4073, remaining = 0.0200
Iteration 500: queries = 260.1800, prob = 0.4074, remaining = 0.0200
Iteration 510: queries = 260.5400, prob = 0.4076, remaining = 0.0200
Iteration 520: queries = 260.9000, prob = 0.4077, remaining = 0.0200
Iteration 530: queries = 261.2200, prob = 0.4078, remaining = 0.0200
Iteration 540: queries = 261.5800, prob = 0.4079, remaining = 0.0200
Iteration 550: queries = 261.9400, prob = 0.4080, remaining = 0.0200
Iteration 560: queries = 262.3200, prob = 0.4082, remaining = 0.0200
Iteration 570: queries = 262.7200, prob = 0.4083, remaining = 0.0200
Iteration 580: queries = 263.0800, prob = 0.4084, remaining = 0.0200
Iteration 590: queries = 263.3800, prob = 0.4089, remaining = 0.0200
Iteration 600: queries = 263.7400, prob = 0.4093, remaining = 0.0200
Iteration 610: queries = 264.1000, prob = 0.4095, remaining = 0.0200
Iteration 620: queries = 264.4200, prob = 0.4097, remaining = 0.0200
Iteration 630: queries = 264.7600, prob = 0.4098, remaining = 0.0200
Iteration 640: queries = 265.1400, prob = 0.4107, remaining = 0.0200
Iteration 650: queries = 265.5000, prob = 0.4109, remaining = 0.0200
Iteration 660: queries = 265.8400, prob = 0.4112, remaining = 0.0200
Iteration 670: queries = 266.1800, prob = 0.4115, remaining = 0.0200
Iteration 680: queries = 266.5800, prob = 0.4117, remaining = 0.0200
Iteration 690: queries = 266.9400, prob = 0.4123, remaining = 0.0200
Iteration 700: queries = 267.3000, prob = 0.4126, remaining = 0.0200
Iteration 10: queries = 15.0000, prob = 0.0356, remaining = 0.9800
Iteration 20: queries = 29.4400, prob = 0.0581, remaining = 0.9000
Iteration 30: queries = 44.0200, prob = 0.0745, remaining = 0.8800
Iteration 40: queries = 57.8000, prob = 0.0990, remaining = 0.8200
Iteration 50: queries = 70.8600, prob = 0.1471, remaining = 0.7600
Iteration 60: queries = 82.6800, prob = 0.1882, remaining = 0.6800
Iteration 70: queries = 93.6600, prob = 0.1978, remaining = 0.6400
Iteration 80: queries = 104.2200, prob = 0.2058, remaining = 0.6200
Iteration 90: queries = 115.0000, prob = 0.2096, remaining = 0.6200
Iteration 100: queries = 124.9800, prob = 0.2147, remaining = 0.5800
Iteration 110: queries = 134.3800, prob = 0.2193, remaining = 0.5800
Iteration 120: queries = 144.1200, prob = 0.2292, remaining = 0.5800
Iteration 130: queries = 153.7000, prob = 0.2457, remaining = 0.5800
Iteration 140: queries = 163.0400, prob = 0.2593, remaining = 0.5400
Iteration 150: queries = 171.5600, prob = 0.2809, remaining = 0.4600
Iteration 160: queries = 179.0400, prob = 0.2899, remaining = 0.4000
Iteration 170: queries = 185.7400, prob = 0.2969, remaining = 0.4000
Iteration 180: queries = 192.4800, prob = 0.3074, remaining = 0.3800
Iteration 190: queries = 198.8400, prob = 0.3153, remaining = 0.3600
Iteration 200: queries = 205.0200, prob = 0.3218, remaining = 0.3400
Iteration 210: queries = 210.7400, prob = 0.3331, remaining = 0.3400
Iteration 220: queries = 216.4400, prob = 0.3416, remaining = 0.3000
Iteration 230: queries = 221.4200, prob = 0.3540, remaining = 0.2600
Iteration 240: queries = 225.6200, prob = 0.3647, remaining = 0.2200
Iteration 250: queries = 229.3200, prob = 0.3664, remaining = 0.2000
Iteration 260: queries = 232.5600, prob = 0.3681, remaining = 0.1800
Iteration 270: queries = 235.5200, prob = 0.3687, remaining = 0.1800
Iteration 280: queries = 238.7000, prob = 0.3696, remaining = 0.1800
Iteration 290: queries = 241.7600, prob = 0.3712, remaining = 0.1800
Iteration 300: queries = 244.6800, prob = 0.3733, remaining = 0.1800
Iteration 310: queries = 247.8200, prob = 0.3764, remaining = 0.1600
Iteration 320: queries = 250.5800, prob = 0.3786, remaining = 0.1400
Iteration 330: queries = 253.0400, prob = 0.3794, remaining = 0.1400
Iteration 340: queries = 255.4800, prob = 0.3813, remaining = 0.1400
Iteration 350: queries = 258.0000, prob = 0.3827, remaining = 0.1400
Iteration 360: queries = 260.3600, prob = 0.3867, remaining = 0.1400
Iteration 370: queries = 262.9000, prob = 0.3893, remaining = 0.1400
Iteration 380: queries = 265.0600, prob = 0.3924, remaining = 0.1200
Iteration 390: queries = 267.2400, prob = 0.3953, remaining = 0.1200
Iteration 400: queries = 269.0600, prob = 0.3980, remaining = 0.1000
Iteration 410: queries = 270.7400, prob = 0.3988, remaining = 0.0800
Iteration 420: queries = 272.2200, prob = 0.3992, remaining = 0.0800
Iteration 430: queries = 273.6400, prob = 0.3999, remaining = 0.0800
Iteration 440: queries = 275.0600, prob = 0.4007, remaining = 0.0800
Iteration 450: queries = 276.4600, prob = 0.4013, remaining = 0.0800
Iteration 460: queries = 277.9000, prob = 0.4029, remaining = 0.0800
Iteration 470: queries = 279.3000, prob = 0.4055, remaining = 0.0800
Iteration 480: queries = 280.6400, prob = 0.4088, remaining = 0.0600
Iteration 490: queries = 281.7200, prob = 0.4106, remaining = 0.0600
Iteration 500: queries = 282.7600, prob = 0.4134, remaining = 0.0600
Iteration 510: queries = 283.8400, prob = 0.4145, remaining = 0.0600
Iteration 520: queries = 284.9600, prob = 0.4161, remaining = 0.0600
Iteration 530: queries = 285.7400, prob = 0.4174, remaining = 0.0400
Iteration 540: queries = 286.5000, prob = 0.4178, remaining = 0.0400
Iteration 550: queries = 287.2600, prob = 0.4180, remaining = 0.0400
Iteration 560: queries = 287.9400, prob = 0.4185, remaining = 0.0400
Iteration 570: queries = 288.6400, prob = 0.4194, remaining = 0.0400
Iteration 580: queries = 289.4000, prob = 0.4200, remaining = 0.0400
Iteration 590: queries = 290.1200, prob = 0.4206, remaining = 0.0400
Iteration 600: queries = 290.8400, prob = 0.4216, remaining = 0.0400
Iteration 610: queries = 291.5800, prob = 0.4219, remaining = 0.0400
Iteration 620: queries = 292.3600, prob = 0.4225, remaining = 0.0400
Iteration 630: queries = 293.1200, prob = 0.4230, remaining = 0.0400
Iteration 640: queries = 293.8800, prob = 0.4234, remaining = 0.0400
Iteration 650: queries = 294.6600, prob = 0.4246, remaining = 0.0400
Iteration 660: queries = 295.4000, prob = 0.4263, remaining = 0.0400
Iteration 670: queries = 295.8800, prob = 0.4277, remaining = 0.0200
Iteration 680: queries = 296.2400, prob = 0.4293, remaining = 0.0200
Iteration 690: queries = 296.6200, prob = 0.4295, remaining = 0.0200
Iteration 700: queries = 296.9600, prob = 0.4313, remaining = 0.0200
Iteration 710: queries = 297.2800, prob = 0.4322, remaining = 0.0200